2024-07-17 19:33:51,142 [INFO] Activator:176 - 


2024-07-17 19:33:51,145 [INFO] Activator:177 - !SESSION log4j initialized
2024-07-17 19:33:55,298 [INFO] LogOutputStream:77 - [STDOUT_REDIRECT] 
2024-07-17 19:33:57,080 [INFO] ApplicationProperties:184 - Using Application install path: C:\ST\STM32CubeIDE_1.15.0\STM32CubeIDE\plugins\com.st.stm32cube.common.mx_6.11.0.202403141607
2024-07-17 19:33:57,092 [INFO] DbMcusXml:78 - Set database path to: C:\ST\STM32CubeIDE_1.15.0\STM32CubeIDE\plugins\com.st.stm32cube.common.mx_6.11.0.202403141607\\db\/mcu/
2024-07-17 19:33:57,092 [INFO] ApiDb:274 - Set plugin database path to: C:\ST\STM32CubeIDE_1.15.0\STM32CubeIDE\plugins\com.st.stm32cube.common.mx_6.11.0.202403141607\\db\/plugins/boardmanager/
2024-07-17 19:33:57,092 [WARN] ApiDb:259 - Overriding images path with different value:  => C:\ST\STM32CubeIDE_1.15.0\STM32CubeIDE\plugins\com.st.stm32cube.common.mx_6.11.0.202403141607\\db\/plugins/mcufinder/images/
2024-07-17 19:33:57,097 [INFO] ApiDb:250 - Set database path to: C:\Users\alexl\.stmcufinder\plugins\mcufinder//mcu/
2024-07-17 19:33:57,099 [INFO] DbMcusAds:125 - Set database path to: C:\Users\alexl\.stmcufinder\plugins\mcufinder//mcu/
2024-07-17 19:33:57,100 [INFO] CrossReferenceDbSqlite:203 - Set database path to: C:\Users\alexl\.stmcufinder\plugins\mcufinder//mcu/cs/
2024-07-17 19:33:57,175 [INFO] RulesReader:64 - Compatibility file has been processed (297 Rules)
2024-07-17 19:33:57,231 [INFO] DbMcusXml:78 - Set database path to: C:\ST\STM32CubeIDE_1.15.0\STM32CubeIDE\plugins\com.st.stm32cube.common.mx_6.11.0.202403141607\\db\/mcu/
2024-07-17 19:33:57,232 [INFO] ApiDb:274 - Set plugin database path to: C:\ST\STM32CubeIDE_1.15.0\STM32CubeIDE\plugins\com.st.stm32cube.common.mx_6.11.0.202403141607\\db\/plugins/boardmanager/
2024-07-17 19:33:57,232 [INFO] ApiDb:261 - Set plugin images path to: C:\ST\STM32CubeIDE_1.15.0\STM32CubeIDE\plugins\com.st.stm32cube.common.mx_6.11.0.202403141607\\db\/plugins/mcufinder/images/
2024-07-17 19:33:57,232 [WARN] DbFile:41 - Overriding database path with different value: C:\Users\alexl\.stmcufinder\plugins\mcufinder/ => C:\Users\alexl\.stmcufinder\plugins\mcufinder
2024-07-17 19:33:57,232 [INFO] ApiDb:250 - Set database path to: C:\Users\alexl\.stmcufinder\plugins\mcufinder//mcu/
2024-07-17 19:33:57,232 [WARN] DbFile:41 - Overriding database path with different value: C:\Users\alexl\.stmcufinder\plugins\mcufinder/ => C:\Users\alexl\.stmcufinder\plugins\mcufinder
2024-07-17 19:33:57,232 [INFO] DbMcusAds:125 - Set database path to: C:\Users\alexl\.stmcufinder\plugins\mcufinder//mcu/
2024-07-17 19:33:57,232 [WARN] DbFile:41 - Overriding database path with different value: C:\Users\alexl\.stmcufinder\plugins\mcufinder/ => C:\Users\alexl\.stmcufinder\plugins\mcufinder
2024-07-17 19:33:57,232 [WARN] DbFile:41 - Overriding database path with different value: C:\Users\alexl\.stmcufinder\plugins\mcufinder/ => C:\Users\alexl\.stmcufinder\plugins\mcufinder
2024-07-17 19:33:57,232 [INFO] CrossReferenceDbSqlite:203 - Set database path to: C:\Users\alexl\.stmcufinder\plugins\mcufinder//mcu/cs/
2024-07-17 19:33:57,284 [INFO] MainPanel:264 - HeapMemory: 268435456
2024-07-17 19:33:57,344 [INFO] DbMcusXml:78 - Set database path to: C:\ST\STM32CubeIDE_1.15.0\STM32CubeIDE\plugins\com.st.stm32cube.common.mx_6.11.0.202403141607\\db\/mcu/
2024-07-17 19:33:57,344 [INFO] ApiDb:274 - Set plugin database path to: C:\ST\STM32CubeIDE_1.15.0\STM32CubeIDE\plugins\com.st.stm32cube.common.mx_6.11.0.202403141607\\db\/plugins/boardmanager/
2024-07-17 19:33:57,345 [INFO] ApiDb:261 - Set plugin images path to: C:\ST\STM32CubeIDE_1.15.0\STM32CubeIDE\plugins\com.st.stm32cube.common.mx_6.11.0.202403141607\\db\/plugins/mcufinder/images/
2024-07-17 19:33:57,345 [WARN] DbFile:41 - Overriding database path with different value: C:\Users\alexl\.stmcufinder\plugins\mcufinder/ => C:\Users\alexl\.stmcufinder\plugins\mcufinder
2024-07-17 19:33:57,345 [INFO] ApiDb:250 - Set database path to: C:\Users\alexl\.stmcufinder\plugins\mcufinder//mcu/
2024-07-17 19:33:57,345 [WARN] DbFile:41 - Overriding database path with different value: C:\Users\alexl\.stmcufinder\plugins\mcufinder/ => C:\Users\alexl\.stmcufinder\plugins\mcufinder
2024-07-17 19:33:57,345 [INFO] DbMcusAds:125 - Set database path to: C:\Users\alexl\.stmcufinder\plugins\mcufinder//mcu/
2024-07-17 19:33:57,345 [WARN] DbFile:41 - Overriding database path with different value: C:\Users\alexl\.stmcufinder\plugins\mcufinder/ => C:\Users\alexl\.stmcufinder\plugins\mcufinder
2024-07-17 19:33:57,345 [WARN] DbFile:41 - Overriding database path with different value: C:\Users\alexl\.stmcufinder\plugins\mcufinder/ => C:\Users\alexl\.stmcufinder\plugins\mcufinder
2024-07-17 19:33:57,345 [INFO] CrossReferenceDbSqlite:203 - Set database path to: C:\Users\alexl\.stmcufinder\plugins\mcufinder//mcu/cs/
2024-07-17 19:33:57,357 [INFO] ApplicationProperties:184 - Using Application install path: C:\ST\STM32CubeIDE_1.15.0\STM32CubeIDE\plugins\com.st.stm32cube.common.mx_6.11.0.202403141607
2024-07-17 19:33:57,358 [INFO] PluginManage:196 - Search for loadable plugins [exclusion list=, ]
2024-07-17 19:33:57,360 [INFO] PluginManage:310 - Check plugin analytics
2024-07-17 19:33:57,460 [INFO] AnalyticsPlugin:253 - Accepted Software Licenses: 
2024-07-17 19:33:57,460 [INFO] AnalyticsPlugin:255 - Accepted CMSIS Pack Licenses: 
2024-07-17 19:33:57,460 [INFO] AnalyticsPlugin:257 - Accepted Firmware Licenses: 
2024-07-17 19:33:57,462 [INFO] PluginManage:359 - Loaded plugin analytics (category:tool,tabindex:-1)
2024-07-17 19:33:57,462 [INFO] PluginManage:310 - Check plugin cadmodel
2024-07-17 19:33:57,473 [INFO] CADModel:105 - Init CAD model plugin
2024-07-17 19:33:57,473 [INFO] PluginManage:359 - Loaded plugin cadmodel (category:power,tabindex:5)
2024-07-17 19:33:57,473 [INFO] PluginManage:310 - Check plugin clock
2024-07-17 19:33:57,486 [INFO] PluginManage:359 - Loaded plugin clock (category:base,tabindex:2)
2024-07-17 19:33:57,486 [INFO] PluginManage:310 - Check plugin ddr
2024-07-17 19:33:57,488 [INFO] PluginManage:359 - Loaded plugin ddr (category:tool,tabindex:6)
2024-07-17 19:33:57,488 [INFO] PluginManage:310 - Check plugin filemanager
2024-07-17 19:33:57,583 [INFO] PluginManage:359 - Loaded plugin filemanager (category:base,tabindex:10)
2024-07-17 19:33:57,584 [INFO] PluginManage:310 - Check plugin ipmanager
2024-07-17 19:33:57,589 [INFO] PluginManage:359 - Loaded plugin ipmanager (category:base,tabindex:5)
2024-07-17 19:33:57,589 [INFO] PluginManage:310 - Check plugin lpbam
2024-07-17 19:33:57,602 [INFO] PluginManage:359 - Loaded plugin lpbam (category:base,tabindex:0)
2024-07-17 19:33:57,602 [INFO] PluginManage:310 - Check plugin memorymap
2024-07-17 19:33:57,618 [INFO] PluginManage:359 - Loaded plugin memorymap (category:base,tabindex:4)
2024-07-17 19:33:57,618 [INFO] PluginManage:310 - Check plugin pinoutandconfiguration
2024-07-17 19:33:57,629 [INFO] PluginManage:359 - Loaded plugin pinoutandconfiguration (category:base,tabindex:1)
2024-07-17 19:33:57,629 [INFO] PluginManage:310 - Check plugin pinoutconfig
2024-07-17 19:33:57,686 [WARN] SupportedApi:132 - Cannot load RTOS API schema: s4s-elt-must-match.1: The content of 'definitions' must match (annotation?, (simpleType | complexType)?, (unique | key | keyref)*)). A problem was found starting at: attribute.
2024-07-17 19:33:57,767 [INFO] PluginManage:359 - Loaded plugin pinoutconfig (category:base,tabindex:0)
2024-07-17 19:33:57,767 [INFO] PluginManage:310 - Check plugin power
2024-07-17 19:33:57,781 [INFO] PluginManage:359 - Loaded plugin power (category:power,tabindex:4)
2024-07-17 19:33:57,781 [INFO] PluginManage:310 - Check plugin projectmanager
2024-07-17 19:33:57,791 [INFO] PluginManage:359 - Loaded plugin projectmanager (category:projectmanager,tabindex:3)
2024-07-17 19:33:57,791 [INFO] PluginManage:310 - Check plugin thirdparty
2024-07-17 19:33:57,949 [INFO] PluginManage:359 - Loaded plugin thirdparty (category:base,tabindex:-1)
2024-07-17 19:33:57,949 [INFO] PluginManage:310 - Check plugin tools
2024-07-17 19:33:57,949 [WARN] IntegrityCheckThread:84 - waiting for thirdparty lock release [integrity check]
2024-07-17 19:33:57,949 [INFO] IntegrityCheckThread:86 - entering critical section [integrity check]
2024-07-17 19:33:57,949 [INFO] ThirdPartyUpdaterWithRetryManager:70 - Updater plugin not ready yet. [1/15]
2024-07-17 19:33:57,972 [INFO] PluginManage:359 - Loaded plugin tools (category:base,tabindex:7)
2024-07-17 19:33:57,972 [INFO] PluginManage:310 - Check plugin tutovideos
2024-07-17 19:33:58,103 [INFO] PluginManage:359 - Loaded plugin tutovideos (category:base,tabindex:-1)
2024-07-17 19:33:58,103 [INFO] PluginManage:310 - Check plugin updater
2024-07-17 19:33:58,111 [INFO] PluginManage:359 - Loaded plugin updater (category:base,tabindex:12)
2024-07-17 19:33:58,111 [INFO] PluginManage:310 - Check plugin userauth
2024-07-17 19:33:58,114 [INFO] UserAuth:114 - Init User Auth plugin
2024-07-17 19:33:58,115 [INFO] PluginManage:359 - Loaded plugin userauth (category:base,tabindex:14)
2024-07-17 19:33:58,115 [INFO] PluginManage:283 - PluginManage : Loaded plugins [17]
2024-07-17 19:33:58,269 [INFO] PinOutPanel:1561 - setPackage(No Configuration,No Configuration)
2024-07-17 19:33:58,318 [INFO] CADModel:165 - CPN selected for project level
2024-07-17 19:33:58,318 [INFO] CADModel:114 - Register for checkConnection events
2024-07-17 19:33:58,334 [INFO] IPUIPlugin:80 - create IPUIPlugin
2024-07-17 19:33:58,334 [INFO] PluginManager:220 - loadIPPluginJar : add adc
2024-07-17 19:33:58,358 [INFO] IPUIPlugin:80 - create IPUIPlugin
2024-07-17 19:33:58,358 [INFO] PluginManager:220 - loadIPPluginJar : add aes
2024-07-17 19:33:58,383 [INFO] IPUIPlugin:80 - create IPUIPlugin
2024-07-17 19:33:58,384 [INFO] PluginManager:220 - loadIPPluginJar : add can
2024-07-17 19:33:58,397 [INFO] IPUIPlugin:80 - create IPUIPlugin
2024-07-17 19:33:58,397 [INFO] PluginManager:220 - loadIPPluginJar : add comp
2024-07-17 19:33:58,417 [INFO] IPUIPlugin:80 - create IPUIPlugin
2024-07-17 19:33:58,417 [INFO] PluginManager:220 - loadIPPluginJar : add cryp
2024-07-17 19:33:58,434 [INFO] IPUIPlugin:80 - create IPUIPlugin
2024-07-17 19:33:58,434 [INFO] PluginManager:220 - loadIPPluginJar : add dfsdm
2024-07-17 19:33:58,442 [INFO] IPUIPlugin:80 - create IPUIPlugin
2024-07-17 19:33:58,443 [INFO] PluginManager:220 - loadIPPluginJar : add dma
2024-07-17 19:33:58,470 [INFO] IPUIPlugin:80 - create IPUIPlugin
2024-07-17 19:33:58,470 [INFO] PluginManager:220 - loadIPPluginJar : add dma3
2024-07-17 19:33:58,498 [INFO] IPUIPlugin:80 - create IPUIPlugin
2024-07-17 19:33:58,498 [INFO] PluginManager:220 - loadIPPluginJar : add extmemmanager
2024-07-17 19:33:58,510 [INFO] IPUIPlugin:80 - create IPUIPlugin
2024-07-17 19:33:58,510 [INFO] PluginManager:220 - loadIPPluginJar : add fatfs
2024-07-17 19:33:58,538 [INFO] IPUIPlugin:80 - create IPUIPlugin
2024-07-17 19:33:58,538 [INFO] PluginManager:220 - loadIPPluginJar : add fmc
2024-07-17 19:33:58,548 [INFO] IPUIPlugin:80 - create IPUIPlugin
2024-07-17 19:33:58,548 [INFO] PluginManager:220 - loadIPPluginJar : add freertos
2024-07-17 19:33:58,560 [INFO] IPUIPlugin:80 - create IPUIPlugin
2024-07-17 19:33:58,560 [INFO] PluginManager:220 - loadIPPluginJar : add genericplugin
2024-07-17 19:33:58,617 [INFO] IPUIPlugin:80 - create IPUIPlugin
2024-07-17 19:33:58,617 [INFO] PluginManager:220 - loadIPPluginJar : add gfxmmu
2024-07-17 19:33:58,699 [INFO] IPUIPlugin:80 - create IPUIPlugin
2024-07-17 19:33:58,699 [INFO] PluginManager:220 - loadIPPluginJar : add gic
2024-07-17 19:33:58,706 [INFO] IPUIPlugin:80 - create IPUIPlugin
2024-07-17 19:33:58,706 [INFO] PluginManager:220 - loadIPPluginJar : add gpio
2024-07-17 19:33:58,764 [INFO] IPUIPlugin:80 - create IPUIPlugin
2024-07-17 19:33:58,764 [INFO] PluginManager:220 - loadIPPluginJar : add gtzc
2024-07-17 19:33:58,783 [INFO] IPUIPlugin:80 - create IPUIPlugin
2024-07-17 19:33:58,783 [INFO] PluginManager:220 - loadIPPluginJar : add hash
2024-07-17 19:33:58,815 [INFO] IPUIPlugin:80 - create IPUIPlugin
2024-07-17 19:33:58,815 [INFO] PluginManager:220 - loadIPPluginJar : add i2c
2024-07-17 19:33:58,839 [INFO] IPUIPlugin:80 - create IPUIPlugin
2024-07-17 19:33:58,839 [INFO] PluginManager:220 - loadIPPluginJar : add i2s
2024-07-17 19:33:58,864 [INFO] IPUIPlugin:80 - create IPUIPlugin
2024-07-17 19:33:58,864 [INFO] PluginManager:220 - loadIPPluginJar : add i3c
2024-07-17 19:33:58,931 [INFO] IPUIPlugin:80 - create IPUIPlugin
2024-07-17 19:33:58,931 [INFO] PluginManager:220 - loadIPPluginJar : add ipddr
2024-07-17 19:33:58,989 [INFO] IPUIPlugin:80 - create IPUIPlugin
2024-07-17 19:33:58,990 [INFO] PluginManager:220 - loadIPPluginJar : add linkedlist
2024-07-17 19:33:59,011 [INFO] IPUIPlugin:80 - create IPUIPlugin
2024-07-17 19:33:59,011 [INFO] PluginManager:220 - loadIPPluginJar : add lorawan
2024-07-17 19:33:59,033 [INFO] IPUIPlugin:80 - create IPUIPlugin
2024-07-17 19:33:59,033 [INFO] PluginManager:220 - loadIPPluginJar : add ltdc
2024-07-17 19:33:59,043 [INFO] IPUIPlugin:80 - create IPUIPlugin
2024-07-17 19:33:59,043 [INFO] PluginManager:220 - loadIPPluginJar : add mdma
2024-07-17 19:33:59,050 [INFO] IPUIPlugin:80 - create IPUIPlugin
2024-07-17 19:33:59,050 [INFO] PluginManager:220 - loadIPPluginJar : add nvic
2024-07-17 19:33:59,073 [INFO] IPUIPlugin:80 - create IPUIPlugin
2024-07-17 19:33:59,073 [INFO] PluginManager:220 - loadIPPluginJar : add opamp
2024-07-17 19:33:59,110 [INFO] IPUIPlugin:80 - create IPUIPlugin
2024-07-17 19:33:59,110 [INFO] PluginManager:220 - loadIPPluginJar : add openamp
2024-07-17 19:33:59,136 [INFO] IPUIPlugin:80 - create IPUIPlugin
2024-07-17 19:33:59,136 [INFO] PluginManager:220 - loadIPPluginJar : add pdm2pcm
2024-07-17 19:33:59,144 [INFO] IPUIPlugin:80 - create IPUIPlugin
2024-07-17 19:33:59,146 [INFO] PluginManager:220 - loadIPPluginJar : add plateformsettings
2024-07-17 19:33:59,162 [INFO] IPUIPlugin:80 - create IPUIPlugin
2024-07-17 19:33:59,162 [INFO] PluginManager:220 - loadIPPluginJar : add quadspi
2024-07-17 19:33:59,171 [INFO] IPUIPlugin:80 - create IPUIPlugin
2024-07-17 19:33:59,171 [INFO] PluginManager:220 - loadIPPluginJar : add resmgrutility
2024-07-17 19:33:59,205 [INFO] IPUIPlugin:80 - create IPUIPlugin
2024-07-17 19:33:59,205 [INFO] PluginManager:220 - loadIPPluginJar : add sai
2024-07-17 19:33:59,231 [INFO] IPUIPlugin:80 - create IPUIPlugin
2024-07-17 19:33:59,231 [INFO] PluginManager:220 - loadIPPluginJar : add spi
2024-07-17 19:33:59,278 [INFO] IPUIPlugin:80 - create IPUIPlugin
2024-07-17 19:33:59,278 [INFO] PluginManager:220 - loadIPPluginJar : add stm32_wpan
2024-07-17 19:33:59,292 [INFO] IPUIPlugin:80 - create IPUIPlugin
2024-07-17 19:33:59,292 [INFO] PluginManager:220 - loadIPPluginJar : add tim
2024-07-17 19:33:59,333 [INFO] IPUIPlugin:80 - create IPUIPlugin
2024-07-17 19:33:59,333 [INFO] PluginManager:220 - loadIPPluginJar : add touchsensing
2024-07-17 19:33:59,349 [INFO] IPUIPlugin:80 - create IPUIPlugin
2024-07-17 19:33:59,349 [INFO] PluginManager:220 - loadIPPluginJar : add tracer_emb
2024-07-17 19:33:59,364 [INFO] IPUIPlugin:80 - create IPUIPlugin
2024-07-17 19:33:59,364 [INFO] PluginManager:220 - loadIPPluginJar : add ts
2024-07-17 19:33:59,378 [INFO] IPUIPlugin:80 - create IPUIPlugin
2024-07-17 19:33:59,379 [INFO] PluginManager:220 - loadIPPluginJar : add tsc
2024-07-17 19:33:59,394 [INFO] IPUIPlugin:80 - create IPUIPlugin
2024-07-17 19:33:59,395 [INFO] PluginManager:220 - loadIPPluginJar : add ucpd
2024-07-17 19:33:59,425 [INFO] IPUIPlugin:80 - create IPUIPlugin
2024-07-17 19:33:59,425 [INFO] PluginManager:220 - loadIPPluginJar : add usart
2024-07-17 19:33:59,457 [INFO] IPUIPlugin:80 - create IPUIPlugin
2024-07-17 19:33:59,457 [INFO] PluginManager:220 - loadIPPluginJar : add usbx
2024-07-17 19:33:59,569 [INFO] CADModel:165 - CPN selected for project level
2024-07-17 19:33:59,569 [INFO] CADModel:114 - Register for checkConnection events
2024-07-17 19:33:59,569 [FATAL] Updater:308 - Updater called before beeing initialized
2024-07-17 19:33:59,569 [ERROR] CADModel:125 - Updater not yet initialized, retry later 
2024-07-17 19:33:59,666 [INFO] CADModel:165 - CPN selected for project level
2024-07-17 19:33:59,666 [INFO] CADModel:114 - Register for checkConnection events
2024-07-17 19:33:59,666 [FATAL] Updater:308 - Updater called before beeing initialized
2024-07-17 19:33:59,666 [ERROR] CADModel:125 - Updater not yet initialized, retry later 
2024-07-17 19:33:59,668 [FATAL] Updater:308 - Updater called before beeing initialized
2024-07-17 19:33:59,734 [FATAL] Updater:308 - Updater called before beeing initialized
2024-07-17 19:33:59,740 [INFO] DbMcusAds:53 - JSON generation date=Thu May 16 12:22:00 EEST 2024 (1715851320667)
2024-07-17 19:33:59,741 [FATAL] Updater:308 - Updater called before beeing initialized
2024-07-17 19:33:59,768 [WARN] DetailPanel:346 - Failed to get advertising image, set to default
2024-07-17 19:33:59,848 [FATAL] Updater:308 - Updater called before beeing initialized
2024-07-17 19:33:59,850 [FATAL] Updater:308 - Updater called before beeing initialized
2024-07-17 19:33:59,850 [FATAL] Updater:308 - Updater called before beeing initialized
2024-07-17 19:33:59,850 [WARN] DetailPanel:346 - Failed to get advertising image, set to default
2024-07-17 19:33:59,851 [FATAL] Updater:308 - Updater called before beeing initialized
2024-07-17 19:33:59,910 [ERROR] Updater:1120 - MainUpdater not yet initialized. External WinMGr cannot be set.
2024-07-17 19:33:59,918 [INFO] Updater:1056 - Updater Version found : 6.11.0
2024-07-17 19:33:59,932 [INFO] ApplicationProperties:184 - Using Application install path: C:\ST\STM32CubeIDE_1.15.0\STM32CubeIDE\plugins\com.st.stm32cube.common.mx_6.11.0.202403141607
2024-07-17 19:34:00,952 [INFO] ThirdPartyUpdaterWithRetryManager:70 - Updater plugin not ready yet. [2/15]
2024-07-17 19:34:01,501 [ERROR] LogOutputStream:75 - [STDERR_REDIRECT] Jul 17, 2024 7:34:01 PM java.util.prefs.WindowsPreferences <init>
2024-07-17 19:34:01,502 [ERROR] LogOutputStream:75 - [STDERR_REDIRECT] WARNING: Could not open/create prefs root node Software\JavaSoft\Prefs at root 0xffffffff80000002. Windows RegCreateKeyEx(...) returned error code 5.
2024-07-17 19:34:01,502 [ERROR] LogOutputStream:75 - [STDERR_REDIRECT] 
2024-07-17 19:34:01,831 [INFO] MainUpdater:2873 - connection check result : 10
2024-07-17 19:34:01,832 [INFO] MainUpdater:3567 - Updater definition file requires update
2024-07-17 19:34:01,832 [INFO] MainUpdater:290 - Updater Check For Update Now.
2024-07-17 19:34:01,832 [INFO] MicroXplorer:498 - Change Database Version : DB.6.0.110
2024-07-17 19:34:01,844 [INFO] McuFinderGlobals:63 - Set McuFinder mode to 2 (CubeIDE integrated)
2024-07-17 19:34:01,844 [INFO] UserAuth:179 - activating auth plugin
2024-07-17 19:34:01,845 [INFO] UserAuth:415 - Internet connection configuration mode: 1
2024-07-17 19:34:01,860 [INFO] JxBrowserEngine:152 - Initiate JxBrowser Engine with user profile folder
2024-07-17 19:34:02,036 [INFO] ServerAccessManage:473 - Download File updaters.zip
2024-07-17 19:34:02,095 [INFO] FileExtend:240 - Unzip File : updaters.zip
2024-07-17 19:34:02,095 [INFO] FileExtend:255 - Standard Zip Deflate
2024-07-17 19:34:02,456 [INFO] ServerAccessManage:473 - Download File PacksControlFlags.xml
2024-07-17 19:34:02,505 [INFO] ServerAccessManage:473 - Download File cubemx.pidx
2024-07-17 19:34:02,575 [INFO] LoadServerUpdatesThread:375 - End of LoadServerUpdate Thread
2024-07-17 19:34:02,725 [INFO] CheckServerUpdateThread:120 - End of CheckServer Thread
2024-07-17 19:34:04,089 [WARN] PackLoader:240 - Cannot read IP mode file for STMicroelectronics.FP-SNS-MOTENVWB1.1.4.0
2024-07-17 19:34:04,100 [WARN] PackLoader:240 - Cannot read IP mode file for STMicroelectronics.X-CUBE-SMBUS.2.1.0
2024-07-17 19:34:04,109 [WARN] PackLoader:240 - Cannot read IP mode file for STMicroelectronics.X-CUBE-TOUCHGFX.4.23.2
2024-07-17 19:34:04,136 [WARN] PackLoader:240 - Cannot read IP mode file for STMicroelectronics.X-CUBE-AZRTOS-F7.1.1.0
2024-07-17 19:34:04,148 [WARN] PackLoader:240 - Cannot read IP mode file for STMicroelectronics.FP-SNS-FLIGHT1.5.0.2
2024-07-17 19:34:04,161 [WARN] PackLoader:240 - Cannot read IP mode file for STMicroelectronics.X-CUBE-DISPLAY.3.0.0
2024-07-17 19:34:04,178 [WARN] PackLoader:240 - Cannot read IP mode file for STMicroelectronics.X-CUBE-BLE1.7.0.0
2024-07-17 19:34:04,188 [WARN] PackLoader:240 - Cannot read IP mode file for emotas.I-CUBE-CANOPEN.1.3.0
2024-07-17 19:34:04,201 [WARN] PackLoader:240 - Cannot read IP mode file for STMicroelectronics.X-CUBE-BLEMGR.3.1.0
2024-07-17 19:34:04,212 [WARN] PackLoader:240 - Cannot read IP mode file for STMicroelectronics.FP-SNS-SMARTAG2.1.2.0
2024-07-17 19:34:04,225 [INFO] LogOutputStream:77 - [STDOUT_REDIRECT] 1 : Invalid condition id : UX_CORESTACK_Condition cause : null
2024-07-17 19:34:04,225 [INFO] LogOutputStream:77 - [STDOUT_REDIRECT] 1 : Invalid condition id : UX_CORESTACK_Condition cause : null
2024-07-17 19:34:04,226 [INFO] LogOutputStream:77 - [STDOUT_REDIRECT] 1 : Invalid condition id : UX_CORESTACK_Condition cause : null
2024-07-17 19:34:04,227 [INFO] LogOutputStream:77 - [STDOUT_REDIRECT] 1 : Invalid condition id : UX_CORESTACK_Condition cause : null
2024-07-17 19:34:04,227 [INFO] LogOutputStream:77 - [STDOUT_REDIRECT] 1 : Invalid condition id : UX_CORESTACK_Condition cause : null
2024-07-17 19:34:04,229 [WARN] PackLoader:240 - Cannot read IP mode file for STMicroelectronics.X-CUBE-AZRTOS-WL.2.0.0
2024-07-17 19:34:04,239 [WARN] PackLoader:240 - Cannot read IP mode file for STMicroelectronics.FP-SNS-MOTENV1.5.0.0
2024-07-17 19:34:04,248 [WARN] PackLoader:240 - Cannot read IP mode file for wolfSSL.I-CUBE-wolfMQTT.1.19.0
2024-07-17 19:34:04,257 [WARN] PackLoader:240 - Cannot read IP mode file for WES.I-CUBE-Cesium.1.3.0
2024-07-17 19:34:04,264 [WARN] PackLoader:240 - Cannot read IP mode file for STMicroelectronics.X-CUBE-BLE2.3.3.0
2024-07-17 19:34:04,273 [WARN] PackLoader:240 - Cannot read IP mode file for STMicroelectronics.X-CUBE-TCPP.4.1.0
2024-07-17 19:34:04,282 [WARN] PackLoader:240 - Cannot read IP mode file for STMicroelectronics.X-CUBE-ALGOBUILD.1.3.0
2024-07-17 19:34:04,301 [WARN] PackLoader:240 - Cannot read IP mode file for STMicroelectronics.X-CUBE-AZRTOS-G0.1.1.0
2024-07-17 19:34:04,314 [WARN] PackLoader:240 - Cannot read IP mode file for STMicroelectronics.X-CUBE-SAFEA1.1.2.2
2024-07-17 19:34:04,325 [WARN] PackLoader:240 - Cannot read IP mode file for STMicroelectronics.X-CUBE-NFC4.3.0.0
2024-07-17 19:34:04,338 [WARN] PackLoader:240 - Cannot read IP mode file for EmbeddedOffice.I-CUBE-FS-RTOS.1.0.1
2024-07-17 19:34:04,338 [ERROR] ConditionMgr:805 - Attr not supported : Dmpu
2024-07-17 19:34:04,338 [ERROR] ConditionMgr:805 - Attr not supported : Dmpu
2024-07-17 19:34:04,338 [ERROR] ConditionMgr:805 - Attr not supported : Dmpu
2024-07-17 19:34:04,338 [ERROR] ConditionMgr:805 - Attr not supported : Dmpu
2024-07-17 19:34:04,338 [ERROR] ConditionMgr:805 - Attr not supported : Dmpu
2024-07-17 19:34:04,338 [ERROR] ConditionMgr:805 - Attr not supported : Dmpu
2024-07-17 19:34:04,338 [ERROR] ConditionMgr:805 - Attr not supported : Dmpu
2024-07-17 19:34:04,338 [ERROR] ConditionMgr:805 - Attr not supported : Dmpu
2024-07-17 19:34:04,338 [ERROR] ConditionMgr:805 - Attr not supported : Dmpu
2024-07-17 19:34:04,338 [ERROR] ConditionMgr:805 - Attr not supported : Dmpu
2024-07-17 19:34:04,338 [ERROR] ConditionMgr:805 - Attr not supported : Dmpu
2024-07-17 19:34:04,338 [ERROR] ConditionMgr:805 - Attr not supported : Dmpu
2024-07-17 19:34:04,338 [ERROR] ConditionMgr:805 - Attr not supported : Dmpu
2024-07-17 19:34:04,338 [ERROR] ConditionMgr:805 - Attr not supported : Dmpu
2024-07-17 19:34:04,338 [ERROR] ConditionMgr:805 - Attr not supported : Dmpu
2024-07-17 19:34:04,338 [ERROR] ConditionMgr:805 - Attr not supported : Dmpu
2024-07-17 19:34:04,338 [ERROR] ConditionMgr:805 - Attr not supported : Dmpu
2024-07-17 19:34:04,339 [ERROR] ConditionMgr:805 - Attr not supported : Dmpu
2024-07-17 19:34:04,339 [ERROR] ConditionMgr:805 - Attr not supported : Dmpu
2024-07-17 19:34:04,339 [ERROR] ConditionMgr:805 - Attr not supported : Dmpu
2024-07-17 19:34:04,339 [ERROR] ConditionMgr:805 - Attr not supported : Dmpu
2024-07-17 19:34:04,339 [ERROR] ConditionMgr:805 - Attr not supported : Dmpu
2024-07-17 19:34:04,339 [ERROR] ConditionMgr:805 - Attr not supported : Dmpu
2024-07-17 19:34:04,339 [ERROR] ConditionMgr:805 - Attr not supported : Dmpu
2024-07-17 19:34:04,339 [ERROR] ConditionMgr:805 - Attr not supported : Dmpu
2024-07-17 19:34:04,339 [ERROR] ConditionMgr:805 - Attr not supported : Dmpu
2024-07-17 19:34:04,339 [ERROR] ConditionMgr:805 - Attr not supported : Dmpu
2024-07-17 19:34:04,339 [ERROR] ConditionMgr:805 - Attr not supported : Dmpu
2024-07-17 19:34:04,339 [ERROR] ConditionMgr:805 - Attr not supported : Dmpu
2024-07-17 19:34:04,339 [ERROR] ConditionMgr:805 - Attr not supported : Dmpu
2024-07-17 19:34:04,339 [ERROR] ConditionMgr:805 - Attr not supported : Dmpu
2024-07-17 19:34:04,339 [ERROR] ConditionMgr:805 - Attr not supported : Dmpu
2024-07-17 19:34:04,339 [ERROR] ConditionMgr:805 - Attr not supported : Dmpu
2024-07-17 19:34:04,339 [ERROR] ConditionMgr:805 - Attr not supported : Dmpu
2024-07-17 19:34:04,339 [ERROR] ConditionMgr:805 - Attr not supported : Dmpu
2024-07-17 19:34:04,339 [ERROR] ConditionMgr:805 - Attr not supported : Dmpu
2024-07-17 19:34:04,339 [ERROR] ConditionMgr:805 - Attr not supported : Dmpu
2024-07-17 19:34:04,339 [ERROR] ConditionMgr:805 - Attr not supported : Dmpu
2024-07-17 19:34:04,339 [ERROR] ConditionMgr:805 - Attr not supported : Dmpu
2024-07-17 19:34:04,339 [ERROR] ConditionMgr:805 - Attr not supported : Dmpu
2024-07-17 19:34:04,339 [ERROR] ConditionMgr:805 - Attr not supported : Dmpu
2024-07-17 19:34:04,340 [ERROR] ConditionMgr:805 - Attr not supported : Dmpu
2024-07-17 19:34:04,340 [ERROR] ConditionMgr:805 - Attr not supported : Dmpu
2024-07-17 19:34:04,340 [ERROR] ConditionMgr:805 - Attr not supported : Dmpu
2024-07-17 19:34:04,340 [ERROR] ConditionMgr:805 - Attr not supported : Dmpu
2024-07-17 19:34:04,340 [ERROR] ConditionMgr:805 - Attr not supported : Dmpu
2024-07-17 19:34:04,340 [ERROR] ConditionMgr:805 - Attr not supported : Dmpu
2024-07-17 19:34:04,340 [ERROR] ConditionMgr:805 - Attr not supported : Dmpu
2024-07-17 19:34:04,340 [ERROR] ConditionMgr:805 - Attr not supported : Dmpu
2024-07-17 19:34:04,340 [ERROR] ConditionMgr:805 - Attr not supported : Dmpu
2024-07-17 19:34:04,340 [ERROR] ConditionMgr:805 - Attr not supported : Dmpu
2024-07-17 19:34:04,340 [ERROR] ConditionMgr:805 - Attr not supported : Dmpu
2024-07-17 19:34:04,340 [ERROR] ConditionMgr:805 - Attr not supported : Dmpu
2024-07-17 19:34:04,340 [ERROR] ConditionMgr:805 - Attr not supported : Dmpu
2024-07-17 19:34:04,340 [ERROR] ConditionMgr:805 - Attr not supported : Dmpu
2024-07-17 19:34:04,340 [ERROR] ConditionMgr:805 - Attr not supported : Dmpu
2024-07-17 19:34:04,340 [ERROR] ConditionMgr:805 - Attr not supported : Dmpu
2024-07-17 19:34:04,340 [ERROR] ConditionMgr:805 - Attr not supported : Dmpu
2024-07-17 19:34:04,340 [ERROR] ConditionMgr:805 - Attr not supported : Dmpu
2024-07-17 19:34:04,340 [ERROR] ConditionMgr:805 - Attr not supported : Dmpu
2024-07-17 19:34:04,340 [ERROR] ConditionMgr:805 - Attr not supported : Dmpu
2024-07-17 19:34:04,340 [ERROR] ConditionMgr:805 - Attr not supported : Dmpu
2024-07-17 19:34:04,340 [ERROR] ConditionMgr:805 - Attr not supported : Dmpu
2024-07-17 19:34:04,340 [ERROR] ConditionMgr:805 - Attr not supported : Dmpu
2024-07-17 19:34:04,349 [WARN] PackLoader:240 - Cannot read IP mode file for RealThread.X-CUBE-RT-Thread_Nano.4.1.1
2024-07-17 19:34:04,358 [WARN] PackLoader:240 - Cannot read IP mode file for wolfSSL.I-CUBE-wolfSSL.5.7.0
2024-07-17 19:34:04,365 [WARN] PackLoader:240 - Cannot read IP mode file for STMicroelectronics.FP-ATR-SIGFOX1.3.2.0
2024-07-17 19:34:04,375 [WARN] PackLoader:240 - Cannot read IP mode file for STMicroelectronics.X-CUBE-EEPRMA1.5.1.0
2024-07-17 19:34:04,386 [WARN] PackLoader:240 - Cannot read IP mode file for ITTIA_DB.I-CUBE-ITTIADB.8.9.0
2024-07-17 19:34:04,412 [WARN] PackLoader:240 - Cannot read IP mode file for SEGGER.I-CUBE-embOS.1.3.1
2024-07-17 19:34:04,443 [WARN] PackLoader:240 - Cannot read IP mode file for STMicroelectronics.X-CUBE-ALGOBUILD.1.4.0
2024-07-17 19:34:04,452 [WARN] PackLoader:240 - Cannot read IP mode file for STMicroelectronics.X-CUBE-GNSS1.6.0.0
2024-07-17 19:34:04,475 [WARN] PackLoader:240 - Cannot read IP mode file for STMicroelectronics.X-CUBE-AZRTOS-F4.1.1.0
2024-07-17 19:34:04,486 [WARN] PackLoader:240 - Cannot read IP mode file for STMicroelectronics.X-CUBE-FREERTOS.1.2.0
2024-07-17 19:34:04,505 [WARN] PackLoader:240 - Cannot read IP mode file for STMicroelectronics.X-CUBE-AZRTOS-L5.2.0.0
2024-07-17 19:34:04,517 [WARN] PackLoader:240 - Cannot read IP mode file for STMicroelectronics.X-CUBE-NFC6.3.1.0
2024-07-17 19:34:04,527 [WARN] PackLoader:240 - Cannot read IP mode file for STMicroelectronics.X-CUBE-DPower.1.2.0
2024-07-17 19:34:04,535 [WARN] PackLoader:240 - Cannot read IP mode file for STMicroelectronics.X-CUBE-AI.9.0.0
2024-07-17 19:34:04,543 [WARN] PackLoader:240 - Cannot read IP mode file for STMicroelectronics.X-CUBE-NFC7.1.0.1
2024-07-17 19:34:04,552 [WARN] PackLoader:240 - Cannot read IP mode file for wolfSSL.I-CUBE-wolfTPM.3.2.0
2024-07-17 19:34:04,571 [WARN] ConditionMgr:438 - getConditionDescription Invalid condition id : LAN8742 Phy interface Condition cause : null
2024-07-17 19:34:04,572 [WARN] PackLoader:240 - Cannot read IP mode file for STMicroelectronics.X-CUBE-AZRTOS-L4.2.0.0
2024-07-17 19:34:04,572 [WARN] ConditionMgr:1039 - genDependencies : Invalid condition id : LAN8742 Phy interface Condition cause : null
2024-07-17 19:34:04,573 [WARN] ConditionMgr:1039 - genDependencies : Invalid condition id : LAN8742 Phy interface Condition cause : null
2024-07-17 19:34:04,573 [WARN] ConditionMgr:1039 - genDependencies : Invalid condition id : LAN8742 Phy interface Condition cause : null
2024-07-17 19:34:04,583 [WARN] PackLoader:240 - Cannot read IP mode file for STMicroelectronics.X-CUBE-SFXS2LP1.4.0.0
2024-07-17 19:34:04,601 [WARN] ConditionMgr:438 - getConditionDescription Invalid condition id : UX DEVICE CLASS RTOS Condition cause : null
2024-07-17 19:34:04,602 [WARN] ConditionMgr:438 - getConditionDescription Invalid condition id : UX DEVICE CLASS RTOS Condition cause : null
2024-07-17 19:34:04,603 [WARN] PackLoader:240 - Cannot read IP mode file for STMicroelectronics.X-CUBE-AZRTOS-WB.2.0.0
2024-07-17 19:34:04,603 [WARN] ConditionMgr:1039 - genDependencies : Invalid condition id : UX DEVICE CLASS RTOS Condition cause : null
2024-07-17 19:34:04,604 [WARN] ConditionMgr:1039 - genDependencies : Invalid condition id : UX DEVICE CLASS RTOS Condition cause : null
2024-07-17 19:34:04,604 [WARN] ConditionMgr:1039 - genDependencies : Invalid condition id : UX DEVICE CLASS RTOS Condition cause : null
2024-07-17 19:34:04,604 [WARN] ConditionMgr:1039 - genDependencies : Invalid condition id : UX DEVICE CLASS RTOS Condition cause : null
2024-07-17 19:34:04,604 [WARN] ConditionMgr:1039 - genDependencies : Invalid condition id : UX DEVICE CLASS RTOS Condition cause : null
2024-07-17 19:34:04,619 [WARN] PackLoader:240 - Cannot read IP mode file for STMicroelectronics.X-CUBE-SUBG2.5.0.0
2024-07-17 19:34:04,633 [WARN] PackLoader:240 - Cannot read IP mode file for Cesanta.I-CUBE-Mongoose.7.13.0
2024-07-17 19:34:04,651 [WARN] PackLoader:240 - Cannot read IP mode file for STMicroelectronics.X-CUBE-AZRTOS-G4.2.0.0
2024-07-17 19:34:04,661 [WARN] PackLoader:240 - Cannot read IP mode file for STMicroelectronics.X-CUBE-ISPU.2.0.0
2024-07-17 19:34:04,670 [WARN] PackLoader:240 - Cannot read IP mode file for STMicroelectronics.X-CUBE-ALS.1.0.2
2024-07-17 19:34:04,704 [WARN] PackLoader:240 - Cannot read IP mode file for STMicroelectronics.X-CUBE-MEMS1.10.0.0
2024-07-17 19:34:04,776 [WARN] PackLoader:240 - Cannot read IP mode file for STMicroelectronics.X-CUBE-FREERTOS.1.1.0
2024-07-17 19:34:04,785 [WARN] PackLoader:240 - Cannot read IP mode file for STMicroelectronics.X-CUBE-TOUCHGFX.4.24.0
2024-07-17 19:34:04,793 [WARN] PackLoader:240 - Cannot read IP mode file for portGmbH.I-Cube-SoM-uGOAL.1.1.0
2024-07-17 19:34:04,801 [WARN] PackLoader:240 - Cannot read IP mode file for STMicroelectronics.X-CUBE-ALS.1.0.1
2024-07-17 19:34:04,822 [WARN] PackLoader:240 - Cannot read IP mode file for STMicroelectronics.X-CUBE-AZRTOS-H7RS.1.0.0
2024-07-17 19:34:04,833 [WARN] PackLoader:240 - Cannot read IP mode file for STMicroelectronics.FP-ATR-ASTRA1.2.0.0
2024-07-17 19:34:04,848 [WARN] PackLoader:240 - Cannot read IP mode file for STMicroelectronics.X-CUBE-TOF1.3.4.1
2024-07-17 19:34:04,871 [WARN] PackLoader:240 - Cannot read IP mode file for STMicroelectronics.X-CUBE-AZRTOS-H7.3.2.0
2024-07-17 19:34:04,889 [WARN] PackLoader:240 - Cannot read IP mode file for Infineon.AIROC-Wi-Fi-Bluetooth-STM32.1.6.0
2024-07-17 19:34:04,892 [INFO] ThirdParty:978 - Integrity check success = true
2024-07-17 19:34:04,892 [INFO] IntegrityCheckThread:100 - exiting critical section [integrity check]
2024-07-17 19:34:04,892 [INFO] IntegrityCheckThread:103 - End integrity checks thread
2024-07-17 19:34:05,793 [INFO] WebApp:161 - Instantiating new browser for Auth
2024-07-17 19:34:06,219 [INFO] WebApp:779 - Register for checkConnection events
2024-07-17 19:34:06,219 [INFO] WebApp:414 - Apply proxy settings
2024-07-17 19:34:06,219 [INFO] WebApp:499 - Chromium requires no authentication
2024-07-17 19:34:06,224 [INFO] WebApp:442 - Direct internet connection detected
2024-07-17 19:34:06,352 [INFO] WebApp:192 - Starting web application
2024-07-17 19:34:06,353 [INFO] WebApp:544 - Web application path used C:\ST\STM32CubeIDE_1.15.0\STM32CubeIDE\plugins\com.st.stm32cube.common.mx_6.11.0.202403141607\db\plugins\mcufinder\reactClient1\index.html
2024-07-17 19:39:01,472 [ERROR] LogOutputStream:75 - [STDERR_REDIRECT] 
