2024-07-18 19:23:22,239 [INFO] Activator:176 - 


2024-07-18 19:23:22,243 [INFO] Activator:177 - !SESSION log4j initialized
2024-07-18 19:23:26,251 [INFO] LogOutputStream:77 - [STDOUT_REDIRECT] 
2024-07-18 19:23:28,180 [INFO] ApplicationProperties:184 - Using Application install path: C:\ST\STM32CubeIDE_1.15.0\STM32CubeIDE\plugins\com.st.stm32cube.common.mx_6.11.0.202403141607
2024-07-18 19:23:28,195 [INFO] DbMcusXml:78 - Set database path to: C:\ST\STM32CubeIDE_1.15.0\STM32CubeIDE\plugins\com.st.stm32cube.common.mx_6.11.0.202403141607\\db\/mcu/
2024-07-18 19:23:28,195 [INFO] ApiDb:274 - Set plugin database path to: C:\ST\STM32CubeIDE_1.15.0\STM32CubeIDE\plugins\com.st.stm32cube.common.mx_6.11.0.202403141607\\db\/plugins/boardmanager/
2024-07-18 19:23:28,196 [WARN] ApiDb:259 - Overriding images path with different value:  => C:\ST\STM32CubeIDE_1.15.0\STM32CubeIDE\plugins\com.st.stm32cube.common.mx_6.11.0.202403141607\\db\/plugins/mcufinder/images/
2024-07-18 19:23:28,203 [INFO] ApiDb:250 - Set database path to: C:\Users\alexl\.stmcufinder\plugins\mcufinder//mcu/
2024-07-18 19:23:28,204 [INFO] DbMcusAds:125 - Set database path to: C:\Users\alexl\.stmcufinder\plugins\mcufinder//mcu/
2024-07-18 19:23:28,205 [INFO] CrossReferenceDbSqlite:203 - Set database path to: C:\Users\alexl\.stmcufinder\plugins\mcufinder//mcu/cs/
2024-07-18 19:23:28,307 [INFO] RulesReader:64 - Compatibility file has been processed (297 Rules)
2024-07-18 19:23:28,368 [INFO] DbMcusXml:78 - Set database path to: C:\ST\STM32CubeIDE_1.15.0\STM32CubeIDE\plugins\com.st.stm32cube.common.mx_6.11.0.202403141607\\db\/mcu/
2024-07-18 19:23:28,368 [INFO] ApiDb:274 - Set plugin database path to: C:\ST\STM32CubeIDE_1.15.0\STM32CubeIDE\plugins\com.st.stm32cube.common.mx_6.11.0.202403141607\\db\/plugins/boardmanager/
2024-07-18 19:23:28,369 [INFO] ApiDb:261 - Set plugin images path to: C:\ST\STM32CubeIDE_1.15.0\STM32CubeIDE\plugins\com.st.stm32cube.common.mx_6.11.0.202403141607\\db\/plugins/mcufinder/images/
2024-07-18 19:23:28,369 [WARN] DbFile:41 - Overriding database path with different value: C:\Users\alexl\.stmcufinder\plugins\mcufinder/ => C:\Users\alexl\.stmcufinder\plugins\mcufinder
2024-07-18 19:23:28,369 [INFO] ApiDb:250 - Set database path to: C:\Users\alexl\.stmcufinder\plugins\mcufinder//mcu/
2024-07-18 19:23:28,369 [WARN] DbFile:41 - Overriding database path with different value: C:\Users\alexl\.stmcufinder\plugins\mcufinder/ => C:\Users\alexl\.stmcufinder\plugins\mcufinder
2024-07-18 19:23:28,369 [INFO] DbMcusAds:125 - Set database path to: C:\Users\alexl\.stmcufinder\plugins\mcufinder//mcu/
2024-07-18 19:23:28,369 [WARN] DbFile:41 - Overriding database path with different value: C:\Users\alexl\.stmcufinder\plugins\mcufinder/ => C:\Users\alexl\.stmcufinder\plugins\mcufinder
2024-07-18 19:23:28,369 [WARN] DbFile:41 - Overriding database path with different value: C:\Users\alexl\.stmcufinder\plugins\mcufinder/ => C:\Users\alexl\.stmcufinder\plugins\mcufinder
2024-07-18 19:23:28,369 [INFO] CrossReferenceDbSqlite:203 - Set database path to: C:\Users\alexl\.stmcufinder\plugins\mcufinder//mcu/cs/
2024-07-18 19:23:28,427 [INFO] MainPanel:264 - HeapMemory: 268435456
2024-07-18 19:23:28,497 [INFO] DbMcusXml:78 - Set database path to: C:\ST\STM32CubeIDE_1.15.0\STM32CubeIDE\plugins\com.st.stm32cube.common.mx_6.11.0.202403141607\\db\/mcu/
2024-07-18 19:23:28,497 [INFO] ApiDb:274 - Set plugin database path to: C:\ST\STM32CubeIDE_1.15.0\STM32CubeIDE\plugins\com.st.stm32cube.common.mx_6.11.0.202403141607\\db\/plugins/boardmanager/
2024-07-18 19:23:28,497 [INFO] ApiDb:261 - Set plugin images path to: C:\ST\STM32CubeIDE_1.15.0\STM32CubeIDE\plugins\com.st.stm32cube.common.mx_6.11.0.202403141607\\db\/plugins/mcufinder/images/
2024-07-18 19:23:28,497 [WARN] DbFile:41 - Overriding database path with different value: C:\Users\alexl\.stmcufinder\plugins\mcufinder/ => C:\Users\alexl\.stmcufinder\plugins\mcufinder
2024-07-18 19:23:28,497 [INFO] ApiDb:250 - Set database path to: C:\Users\alexl\.stmcufinder\plugins\mcufinder//mcu/
2024-07-18 19:23:28,497 [WARN] DbFile:41 - Overriding database path with different value: C:\Users\alexl\.stmcufinder\plugins\mcufinder/ => C:\Users\alexl\.stmcufinder\plugins\mcufinder
2024-07-18 19:23:28,497 [INFO] DbMcusAds:125 - Set database path to: C:\Users\alexl\.stmcufinder\plugins\mcufinder//mcu/
2024-07-18 19:23:28,497 [WARN] DbFile:41 - Overriding database path with different value: C:\Users\alexl\.stmcufinder\plugins\mcufinder/ => C:\Users\alexl\.stmcufinder\plugins\mcufinder
2024-07-18 19:23:28,497 [WARN] DbFile:41 - Overriding database path with different value: C:\Users\alexl\.stmcufinder\plugins\mcufinder/ => C:\Users\alexl\.stmcufinder\plugins\mcufinder
2024-07-18 19:23:28,497 [INFO] CrossReferenceDbSqlite:203 - Set database path to: C:\Users\alexl\.stmcufinder\plugins\mcufinder//mcu/cs/
2024-07-18 19:23:28,511 [INFO] ApplicationProperties:184 - Using Application install path: C:\ST\STM32CubeIDE_1.15.0\STM32CubeIDE\plugins\com.st.stm32cube.common.mx_6.11.0.202403141607
2024-07-18 19:23:28,512 [INFO] PluginManage:196 - Search for loadable plugins [exclusion list=, ]
2024-07-18 19:23:28,513 [INFO] PluginManage:310 - Check plugin analytics
2024-07-18 19:23:28,616 [INFO] AnalyticsPlugin:253 - Accepted Software Licenses: 
2024-07-18 19:23:28,616 [INFO] AnalyticsPlugin:255 - Accepted CMSIS Pack Licenses: 
2024-07-18 19:23:28,616 [INFO] AnalyticsPlugin:257 - Accepted Firmware Licenses: 
2024-07-18 19:23:28,617 [INFO] PluginManage:359 - Loaded plugin analytics (category:tool,tabindex:-1)
2024-07-18 19:23:28,617 [INFO] PluginManage:310 - Check plugin cadmodel
2024-07-18 19:23:28,629 [INFO] CADModel:105 - Init CAD model plugin
2024-07-18 19:23:28,629 [INFO] PluginManage:359 - Loaded plugin cadmodel (category:power,tabindex:5)
2024-07-18 19:23:28,629 [INFO] PluginManage:310 - Check plugin clock
2024-07-18 19:23:28,642 [INFO] PluginManage:359 - Loaded plugin clock (category:base,tabindex:2)
2024-07-18 19:23:28,642 [INFO] PluginManage:310 - Check plugin ddr
2024-07-18 19:23:28,643 [INFO] PluginManage:359 - Loaded plugin ddr (category:tool,tabindex:6)
2024-07-18 19:23:28,643 [INFO] PluginManage:310 - Check plugin filemanager
2024-07-18 19:23:28,733 [INFO] PluginManage:359 - Loaded plugin filemanager (category:base,tabindex:10)
2024-07-18 19:23:28,733 [INFO] PluginManage:310 - Check plugin ipmanager
2024-07-18 19:23:28,737 [INFO] PluginManage:359 - Loaded plugin ipmanager (category:base,tabindex:5)
2024-07-18 19:23:28,737 [INFO] PluginManage:310 - Check plugin lpbam
2024-07-18 19:23:28,749 [INFO] PluginManage:359 - Loaded plugin lpbam (category:base,tabindex:0)
2024-07-18 19:23:28,749 [INFO] PluginManage:310 - Check plugin memorymap
2024-07-18 19:23:28,763 [INFO] PluginManage:359 - Loaded plugin memorymap (category:base,tabindex:4)
2024-07-18 19:23:28,763 [INFO] PluginManage:310 - Check plugin pinoutandconfiguration
2024-07-18 19:23:28,776 [INFO] PluginManage:359 - Loaded plugin pinoutandconfiguration (category:base,tabindex:1)
2024-07-18 19:23:28,776 [INFO] PluginManage:310 - Check plugin pinoutconfig
2024-07-18 19:23:28,835 [WARN] SupportedApi:132 - Cannot load RTOS API schema: s4s-elt-must-match.1: The content of 'definitions' must match (annotation?, (simpleType | complexType)?, (unique | key | keyref)*)). A problem was found starting at: attribute.
2024-07-18 19:23:28,922 [INFO] PluginManage:359 - Loaded plugin pinoutconfig (category:base,tabindex:0)
2024-07-18 19:23:28,923 [INFO] PluginManage:310 - Check plugin power
2024-07-18 19:23:28,936 [INFO] PluginManage:359 - Loaded plugin power (category:power,tabindex:4)
2024-07-18 19:23:28,936 [INFO] PluginManage:310 - Check plugin projectmanager
2024-07-18 19:23:28,946 [INFO] PluginManage:359 - Loaded plugin projectmanager (category:projectmanager,tabindex:3)
2024-07-18 19:23:28,946 [INFO] PluginManage:310 - Check plugin thirdparty
2024-07-18 19:23:29,108 [INFO] PluginManage:359 - Loaded plugin thirdparty (category:base,tabindex:-1)
2024-07-18 19:23:29,108 [INFO] PluginManage:310 - Check plugin tools
2024-07-18 19:23:29,108 [WARN] IntegrityCheckThread:84 - waiting for thirdparty lock release [integrity check]
2024-07-18 19:23:29,109 [INFO] IntegrityCheckThread:86 - entering critical section [integrity check]
2024-07-18 19:23:29,109 [INFO] ThirdPartyUpdaterWithRetryManager:70 - Updater plugin not ready yet. [1/15]
2024-07-18 19:23:29,130 [INFO] PluginManage:359 - Loaded plugin tools (category:base,tabindex:7)
2024-07-18 19:23:29,130 [INFO] PluginManage:310 - Check plugin tutovideos
2024-07-18 19:23:29,267 [INFO] PluginManage:359 - Loaded plugin tutovideos (category:base,tabindex:-1)
2024-07-18 19:23:29,267 [INFO] PluginManage:310 - Check plugin updater
2024-07-18 19:23:29,274 [INFO] PluginManage:359 - Loaded plugin updater (category:base,tabindex:12)
2024-07-18 19:23:29,274 [INFO] PluginManage:310 - Check plugin userauth
2024-07-18 19:23:29,279 [INFO] UserAuth:114 - Init User Auth plugin
2024-07-18 19:23:29,279 [INFO] PluginManage:359 - Loaded plugin userauth (category:base,tabindex:14)
2024-07-18 19:23:29,279 [INFO] PluginManage:283 - PluginManage : Loaded plugins [17]
2024-07-18 19:23:29,431 [INFO] PinOutPanel:1561 - setPackage(No Configuration,No Configuration)
2024-07-18 19:23:29,478 [INFO] CADModel:165 - CPN selected for project level
2024-07-18 19:23:29,479 [INFO] CADModel:114 - Register for checkConnection events
2024-07-18 19:23:29,496 [INFO] IPUIPlugin:80 - create IPUIPlugin
2024-07-18 19:23:29,496 [INFO] PluginManager:220 - loadIPPluginJar : add adc
2024-07-18 19:23:29,519 [INFO] IPUIPlugin:80 - create IPUIPlugin
2024-07-18 19:23:29,520 [INFO] PluginManager:220 - loadIPPluginJar : add aes
2024-07-18 19:23:29,545 [INFO] IPUIPlugin:80 - create IPUIPlugin
2024-07-18 19:23:29,545 [INFO] PluginManager:220 - loadIPPluginJar : add can
2024-07-18 19:23:29,558 [INFO] IPUIPlugin:80 - create IPUIPlugin
2024-07-18 19:23:29,558 [INFO] PluginManager:220 - loadIPPluginJar : add comp
2024-07-18 19:23:29,578 [INFO] IPUIPlugin:80 - create IPUIPlugin
2024-07-18 19:23:29,578 [INFO] PluginManager:220 - loadIPPluginJar : add cryp
2024-07-18 19:23:29,596 [INFO] IPUIPlugin:80 - create IPUIPlugin
2024-07-18 19:23:29,596 [INFO] PluginManager:220 - loadIPPluginJar : add dfsdm
2024-07-18 19:23:29,604 [INFO] IPUIPlugin:80 - create IPUIPlugin
2024-07-18 19:23:29,605 [INFO] PluginManager:220 - loadIPPluginJar : add dma
2024-07-18 19:23:29,631 [INFO] IPUIPlugin:80 - create IPUIPlugin
2024-07-18 19:23:29,631 [INFO] PluginManager:220 - loadIPPluginJar : add dma3
2024-07-18 19:23:29,659 [INFO] IPUIPlugin:80 - create IPUIPlugin
2024-07-18 19:23:29,659 [INFO] PluginManager:220 - loadIPPluginJar : add extmemmanager
2024-07-18 19:23:29,672 [INFO] IPUIPlugin:80 - create IPUIPlugin
2024-07-18 19:23:29,672 [INFO] PluginManager:220 - loadIPPluginJar : add fatfs
2024-07-18 19:23:29,703 [INFO] IPUIPlugin:80 - create IPUIPlugin
2024-07-18 19:23:29,703 [INFO] PluginManager:220 - loadIPPluginJar : add fmc
2024-07-18 19:23:29,713 [INFO] IPUIPlugin:80 - create IPUIPlugin
2024-07-18 19:23:29,714 [INFO] PluginManager:220 - loadIPPluginJar : add freertos
2024-07-18 19:23:29,726 [INFO] IPUIPlugin:80 - create IPUIPlugin
2024-07-18 19:23:29,726 [INFO] PluginManager:220 - loadIPPluginJar : add genericplugin
2024-07-18 19:23:29,787 [INFO] IPUIPlugin:80 - create IPUIPlugin
2024-07-18 19:23:29,788 [INFO] PluginManager:220 - loadIPPluginJar : add gfxmmu
2024-07-18 19:23:29,874 [INFO] IPUIPlugin:80 - create IPUIPlugin
2024-07-18 19:23:29,874 [INFO] PluginManager:220 - loadIPPluginJar : add gic
2024-07-18 19:23:29,882 [INFO] IPUIPlugin:80 - create IPUIPlugin
2024-07-18 19:23:29,883 [INFO] PluginManager:220 - loadIPPluginJar : add gpio
2024-07-18 19:23:29,940 [INFO] IPUIPlugin:80 - create IPUIPlugin
2024-07-18 19:23:29,940 [INFO] PluginManager:220 - loadIPPluginJar : add gtzc
2024-07-18 19:23:29,959 [INFO] IPUIPlugin:80 - create IPUIPlugin
2024-07-18 19:23:29,959 [INFO] PluginManager:220 - loadIPPluginJar : add hash
2024-07-18 19:23:29,992 [INFO] IPUIPlugin:80 - create IPUIPlugin
2024-07-18 19:23:29,992 [INFO] PluginManager:220 - loadIPPluginJar : add i2c
2024-07-18 19:23:30,019 [INFO] IPUIPlugin:80 - create IPUIPlugin
2024-07-18 19:23:30,019 [INFO] PluginManager:220 - loadIPPluginJar : add i2s
2024-07-18 19:23:30,045 [INFO] IPUIPlugin:80 - create IPUIPlugin
2024-07-18 19:23:30,045 [INFO] PluginManager:220 - loadIPPluginJar : add i3c
2024-07-18 19:23:30,115 [INFO] IPUIPlugin:80 - create IPUIPlugin
2024-07-18 19:23:30,115 [INFO] PluginManager:220 - loadIPPluginJar : add ipddr
2024-07-18 19:23:30,174 [INFO] IPUIPlugin:80 - create IPUIPlugin
2024-07-18 19:23:30,174 [INFO] PluginManager:220 - loadIPPluginJar : add linkedlist
2024-07-18 19:23:30,196 [INFO] IPUIPlugin:80 - create IPUIPlugin
2024-07-18 19:23:30,196 [INFO] PluginManager:220 - loadIPPluginJar : add lorawan
2024-07-18 19:23:30,218 [INFO] IPUIPlugin:80 - create IPUIPlugin
2024-07-18 19:23:30,218 [INFO] PluginManager:220 - loadIPPluginJar : add ltdc
2024-07-18 19:23:30,228 [INFO] IPUIPlugin:80 - create IPUIPlugin
2024-07-18 19:23:30,228 [INFO] PluginManager:220 - loadIPPluginJar : add mdma
2024-07-18 19:23:30,235 [INFO] IPUIPlugin:80 - create IPUIPlugin
2024-07-18 19:23:30,235 [INFO] PluginManager:220 - loadIPPluginJar : add nvic
2024-07-18 19:23:30,256 [INFO] IPUIPlugin:80 - create IPUIPlugin
2024-07-18 19:23:30,256 [INFO] PluginManager:220 - loadIPPluginJar : add opamp
2024-07-18 19:23:30,292 [INFO] IPUIPlugin:80 - create IPUIPlugin
2024-07-18 19:23:30,292 [INFO] PluginManager:220 - loadIPPluginJar : add openamp
2024-07-18 19:23:30,319 [INFO] IPUIPlugin:80 - create IPUIPlugin
2024-07-18 19:23:30,319 [INFO] PluginManager:220 - loadIPPluginJar : add pdm2pcm
2024-07-18 19:23:30,327 [INFO] IPUIPlugin:80 - create IPUIPlugin
2024-07-18 19:23:30,328 [INFO] PluginManager:220 - loadIPPluginJar : add plateformsettings
2024-07-18 19:23:30,342 [INFO] IPUIPlugin:80 - create IPUIPlugin
2024-07-18 19:23:30,342 [INFO] PluginManager:220 - loadIPPluginJar : add quadspi
2024-07-18 19:23:30,349 [INFO] IPUIPlugin:80 - create IPUIPlugin
2024-07-18 19:23:30,349 [INFO] PluginManager:220 - loadIPPluginJar : add resmgrutility
2024-07-18 19:23:30,379 [INFO] IPUIPlugin:80 - create IPUIPlugin
2024-07-18 19:23:30,379 [INFO] PluginManager:220 - loadIPPluginJar : add sai
2024-07-18 19:23:30,404 [INFO] IPUIPlugin:80 - create IPUIPlugin
2024-07-18 19:23:30,404 [INFO] PluginManager:220 - loadIPPluginJar : add spi
2024-07-18 19:23:30,449 [INFO] IPUIPlugin:80 - create IPUIPlugin
2024-07-18 19:23:30,449 [INFO] PluginManager:220 - loadIPPluginJar : add stm32_wpan
2024-07-18 19:23:30,464 [INFO] IPUIPlugin:80 - create IPUIPlugin
2024-07-18 19:23:30,464 [INFO] PluginManager:220 - loadIPPluginJar : add tim
2024-07-18 19:23:30,503 [INFO] IPUIPlugin:80 - create IPUIPlugin
2024-07-18 19:23:30,503 [INFO] PluginManager:220 - loadIPPluginJar : add touchsensing
2024-07-18 19:23:30,518 [INFO] IPUIPlugin:80 - create IPUIPlugin
2024-07-18 19:23:30,518 [INFO] PluginManager:220 - loadIPPluginJar : add tracer_emb
2024-07-18 19:23:30,533 [INFO] IPUIPlugin:80 - create IPUIPlugin
2024-07-18 19:23:30,533 [INFO] PluginManager:220 - loadIPPluginJar : add ts
2024-07-18 19:23:30,549 [INFO] IPUIPlugin:80 - create IPUIPlugin
2024-07-18 19:23:30,551 [INFO] PluginManager:220 - loadIPPluginJar : add tsc
2024-07-18 19:23:30,565 [INFO] IPUIPlugin:80 - create IPUIPlugin
2024-07-18 19:23:30,565 [INFO] PluginManager:220 - loadIPPluginJar : add ucpd
2024-07-18 19:23:30,594 [INFO] IPUIPlugin:80 - create IPUIPlugin
2024-07-18 19:23:30,595 [INFO] PluginManager:220 - loadIPPluginJar : add usart
2024-07-18 19:23:30,622 [INFO] IPUIPlugin:80 - create IPUIPlugin
2024-07-18 19:23:30,622 [INFO] PluginManager:220 - loadIPPluginJar : add usbx
2024-07-18 19:23:30,730 [INFO] CADModel:165 - CPN selected for project level
2024-07-18 19:23:30,730 [INFO] CADModel:114 - Register for checkConnection events
2024-07-18 19:23:30,730 [FATAL] Updater:308 - Updater called before beeing initialized
2024-07-18 19:23:30,730 [ERROR] CADModel:125 - Updater not yet initialized, retry later 
2024-07-18 19:23:30,820 [INFO] CADModel:165 - CPN selected for project level
2024-07-18 19:23:30,820 [INFO] CADModel:114 - Register for checkConnection events
2024-07-18 19:23:30,820 [FATAL] Updater:308 - Updater called before beeing initialized
2024-07-18 19:23:30,820 [ERROR] CADModel:125 - Updater not yet initialized, retry later 
2024-07-18 19:23:30,822 [FATAL] Updater:308 - Updater called before beeing initialized
2024-07-18 19:23:30,887 [FATAL] Updater:308 - Updater called before beeing initialized
2024-07-18 19:23:30,894 [INFO] DbMcusAds:53 - JSON generation date=Thu May 16 12:22:00 EEST 2024 (1715851320667)
2024-07-18 19:23:30,894 [FATAL] Updater:308 - Updater called before beeing initialized
2024-07-18 19:23:30,921 [WARN] DetailPanel:346 - Failed to get advertising image, set to default
2024-07-18 19:23:31,007 [FATAL] Updater:308 - Updater called before beeing initialized
2024-07-18 19:23:31,009 [FATAL] Updater:308 - Updater called before beeing initialized
2024-07-18 19:23:31,009 [FATAL] Updater:308 - Updater called before beeing initialized
2024-07-18 19:23:31,009 [WARN] DetailPanel:346 - Failed to get advertising image, set to default
2024-07-18 19:23:31,010 [FATAL] Updater:308 - Updater called before beeing initialized
2024-07-18 19:23:31,051 [ERROR] Updater:1120 - MainUpdater not yet initialized. External WinMGr cannot be set.
2024-07-18 19:23:31,058 [INFO] Updater:1056 - Updater Version found : 6.11.0
2024-07-18 19:23:31,070 [INFO] ApplicationProperties:184 - Using Application install path: C:\ST\STM32CubeIDE_1.15.0\STM32CubeIDE\plugins\com.st.stm32cube.common.mx_6.11.0.202403141607
2024-07-18 19:23:32,110 [INFO] ThirdPartyUpdaterWithRetryManager:70 - Updater plugin not ready yet. [2/15]
2024-07-18 19:23:32,637 [ERROR] LogOutputStream:75 - [STDERR_REDIRECT] Jul 18, 2024 7:23:32 PM java.util.prefs.WindowsPreferences <init>
2024-07-18 19:23:32,638 [ERROR] LogOutputStream:75 - [STDERR_REDIRECT] WARNING: Could not open/create prefs root node Software\JavaSoft\Prefs at root 0xffffffff80000002. Windows RegCreateKeyEx(...) returned error code 5.
2024-07-18 19:23:32,638 [ERROR] LogOutputStream:75 - [STDERR_REDIRECT] 
2024-07-18 19:23:33,068 [INFO] MainUpdater:2873 - connection check result : 10
2024-07-18 19:23:33,069 [INFO] MainUpdater:290 - Updater Check For Update Now.
2024-07-18 19:23:33,069 [INFO] MicroXplorer:498 - Change Database Version : DB.6.0.110
2024-07-18 19:23:33,079 [INFO] McuFinderGlobals:63 - Set McuFinder mode to 2 (CubeIDE integrated)
2024-07-18 19:23:33,079 [INFO] UserAuth:179 - activating auth plugin
2024-07-18 19:23:33,081 [INFO] UserAuth:415 - Internet connection configuration mode: 1
2024-07-18 19:23:33,097 [INFO] JxBrowserEngine:152 - Initiate JxBrowser Engine with user profile folder
2024-07-18 19:23:33,236 [INFO] CheckServerUpdateThread:120 - End of CheckServer Thread
2024-07-18 19:23:35,255 [WARN] PackLoader:240 - Cannot read IP mode file for STMicroelectronics.FP-SNS-MOTENVWB1.1.4.0
2024-07-18 19:23:35,266 [WARN] PackLoader:240 - Cannot read IP mode file for STMicroelectronics.X-CUBE-SMBUS.2.1.0
2024-07-18 19:23:35,275 [WARN] PackLoader:240 - Cannot read IP mode file for STMicroelectronics.X-CUBE-TOUCHGFX.4.23.2
2024-07-18 19:23:35,304 [WARN] PackLoader:240 - Cannot read IP mode file for STMicroelectronics.X-CUBE-AZRTOS-F7.1.1.0
2024-07-18 19:23:35,317 [WARN] PackLoader:240 - Cannot read IP mode file for STMicroelectronics.FP-SNS-FLIGHT1.5.0.2
2024-07-18 19:23:35,328 [WARN] PackLoader:240 - Cannot read IP mode file for STMicroelectronics.X-CUBE-DISPLAY.3.0.0
2024-07-18 19:23:35,342 [WARN] PackLoader:240 - Cannot read IP mode file for STMicroelectronics.X-CUBE-BLE1.7.0.0
2024-07-18 19:23:35,351 [WARN] PackLoader:240 - Cannot read IP mode file for emotas.I-CUBE-CANOPEN.1.3.0
2024-07-18 19:23:35,365 [WARN] PackLoader:240 - Cannot read IP mode file for STMicroelectronics.X-CUBE-BLEMGR.3.1.0
2024-07-18 19:23:35,374 [WARN] PackLoader:240 - Cannot read IP mode file for STMicroelectronics.FP-SNS-SMARTAG2.1.2.0
2024-07-18 19:23:35,388 [INFO] LogOutputStream:77 - [STDOUT_REDIRECT] 1 : Invalid condition id : UX_CORESTACK_Condition cause : null
2024-07-18 19:23:35,388 [INFO] LogOutputStream:77 - [STDOUT_REDIRECT] 1 : Invalid condition id : UX_CORESTACK_Condition cause : null
2024-07-18 19:23:35,389 [INFO] LogOutputStream:77 - [STDOUT_REDIRECT] 1 : Invalid condition id : UX_CORESTACK_Condition cause : null
2024-07-18 19:23:35,390 [INFO] LogOutputStream:77 - [STDOUT_REDIRECT] 1 : Invalid condition id : UX_CORESTACK_Condition cause : null
2024-07-18 19:23:35,390 [INFO] LogOutputStream:77 - [STDOUT_REDIRECT] 1 : Invalid condition id : UX_CORESTACK_Condition cause : null
2024-07-18 19:23:35,392 [WARN] PackLoader:240 - Cannot read IP mode file for STMicroelectronics.X-CUBE-AZRTOS-WL.2.0.0
2024-07-18 19:23:35,404 [WARN] PackLoader:240 - Cannot read IP mode file for STMicroelectronics.FP-SNS-MOTENV1.5.0.0
2024-07-18 19:23:35,413 [WARN] PackLoader:240 - Cannot read IP mode file for wolfSSL.I-CUBE-wolfMQTT.1.19.0
2024-07-18 19:23:35,422 [WARN] PackLoader:240 - Cannot read IP mode file for WES.I-CUBE-Cesium.1.3.0
2024-07-18 19:23:35,431 [WARN] PackLoader:240 - Cannot read IP mode file for STMicroelectronics.X-CUBE-BLE2.3.3.0
2024-07-18 19:23:35,440 [WARN] PackLoader:240 - Cannot read IP mode file for STMicroelectronics.X-CUBE-TCPP.4.1.0
2024-07-18 19:23:35,449 [WARN] PackLoader:240 - Cannot read IP mode file for STMicroelectronics.X-CUBE-ALGOBUILD.1.3.0
2024-07-18 19:23:35,472 [WARN] PackLoader:240 - Cannot read IP mode file for STMicroelectronics.X-CUBE-AZRTOS-G0.1.1.0
2024-07-18 19:23:35,482 [WARN] PackLoader:240 - Cannot read IP mode file for STMicroelectronics.X-CUBE-SAFEA1.1.2.2
2024-07-18 19:23:35,492 [WARN] PackLoader:240 - Cannot read IP mode file for STMicroelectronics.X-CUBE-NFC4.3.0.0
2024-07-18 19:23:35,505 [WARN] PackLoader:240 - Cannot read IP mode file for EmbeddedOffice.I-CUBE-FS-RTOS.1.0.1
2024-07-18 19:23:35,505 [ERROR] ConditionMgr:805 - Attr not supported : Dmpu
2024-07-18 19:23:35,505 [ERROR] ConditionMgr:805 - Attr not supported : Dmpu
2024-07-18 19:23:35,506 [ERROR] ConditionMgr:805 - Attr not supported : Dmpu
2024-07-18 19:23:35,506 [ERROR] ConditionMgr:805 - Attr not supported : Dmpu
2024-07-18 19:23:35,506 [ERROR] ConditionMgr:805 - Attr not supported : Dmpu
2024-07-18 19:23:35,506 [ERROR] ConditionMgr:805 - Attr not supported : Dmpu
2024-07-18 19:23:35,506 [ERROR] ConditionMgr:805 - Attr not supported : Dmpu
2024-07-18 19:23:35,506 [ERROR] ConditionMgr:805 - Attr not supported : Dmpu
2024-07-18 19:23:35,506 [ERROR] ConditionMgr:805 - Attr not supported : Dmpu
2024-07-18 19:23:35,506 [ERROR] ConditionMgr:805 - Attr not supported : Dmpu
2024-07-18 19:23:35,506 [ERROR] ConditionMgr:805 - Attr not supported : Dmpu
2024-07-18 19:23:35,506 [ERROR] ConditionMgr:805 - Attr not supported : Dmpu
2024-07-18 19:23:35,506 [ERROR] ConditionMgr:805 - Attr not supported : Dmpu
2024-07-18 19:23:35,506 [ERROR] ConditionMgr:805 - Attr not supported : Dmpu
2024-07-18 19:23:35,506 [ERROR] ConditionMgr:805 - Attr not supported : Dmpu
2024-07-18 19:23:35,506 [ERROR] ConditionMgr:805 - Attr not supported : Dmpu
2024-07-18 19:23:35,506 [ERROR] ConditionMgr:805 - Attr not supported : Dmpu
2024-07-18 19:23:35,506 [ERROR] ConditionMgr:805 - Attr not supported : Dmpu
2024-07-18 19:23:35,506 [ERROR] ConditionMgr:805 - Attr not supported : Dmpu
2024-07-18 19:23:35,506 [ERROR] ConditionMgr:805 - Attr not supported : Dmpu
2024-07-18 19:23:35,506 [ERROR] ConditionMgr:805 - Attr not supported : Dmpu
2024-07-18 19:23:35,506 [ERROR] ConditionMgr:805 - Attr not supported : Dmpu
2024-07-18 19:23:35,506 [ERROR] ConditionMgr:805 - Attr not supported : Dmpu
2024-07-18 19:23:35,506 [ERROR] ConditionMgr:805 - Attr not supported : Dmpu
2024-07-18 19:23:35,506 [ERROR] ConditionMgr:805 - Attr not supported : Dmpu
2024-07-18 19:23:35,506 [ERROR] ConditionMgr:805 - Attr not supported : Dmpu
2024-07-18 19:23:35,506 [ERROR] ConditionMgr:805 - Attr not supported : Dmpu
2024-07-18 19:23:35,506 [ERROR] ConditionMgr:805 - Attr not supported : Dmpu
2024-07-18 19:23:35,506 [ERROR] ConditionMgr:805 - Attr not supported : Dmpu
2024-07-18 19:23:35,506 [ERROR] ConditionMgr:805 - Attr not supported : Dmpu
2024-07-18 19:23:35,506 [ERROR] ConditionMgr:805 - Attr not supported : Dmpu
2024-07-18 19:23:35,506 [ERROR] ConditionMgr:805 - Attr not supported : Dmpu
2024-07-18 19:23:35,506 [ERROR] ConditionMgr:805 - Attr not supported : Dmpu
2024-07-18 19:23:35,506 [ERROR] ConditionMgr:805 - Attr not supported : Dmpu
2024-07-18 19:23:35,506 [ERROR] ConditionMgr:805 - Attr not supported : Dmpu
2024-07-18 19:23:35,506 [ERROR] ConditionMgr:805 - Attr not supported : Dmpu
2024-07-18 19:23:35,506 [ERROR] ConditionMgr:805 - Attr not supported : Dmpu
2024-07-18 19:23:35,506 [ERROR] ConditionMgr:805 - Attr not supported : Dmpu
2024-07-18 19:23:35,506 [ERROR] ConditionMgr:805 - Attr not supported : Dmpu
2024-07-18 19:23:35,506 [ERROR] ConditionMgr:805 - Attr not supported : Dmpu
2024-07-18 19:23:35,508 [ERROR] ConditionMgr:805 - Attr not supported : Dmpu
2024-07-18 19:23:35,508 [ERROR] ConditionMgr:805 - Attr not supported : Dmpu
2024-07-18 19:23:35,508 [ERROR] ConditionMgr:805 - Attr not supported : Dmpu
2024-07-18 19:23:35,508 [ERROR] ConditionMgr:805 - Attr not supported : Dmpu
2024-07-18 19:23:35,508 [ERROR] ConditionMgr:805 - Attr not supported : Dmpu
2024-07-18 19:23:35,508 [ERROR] ConditionMgr:805 - Attr not supported : Dmpu
2024-07-18 19:23:35,508 [ERROR] ConditionMgr:805 - Attr not supported : Dmpu
2024-07-18 19:23:35,508 [ERROR] ConditionMgr:805 - Attr not supported : Dmpu
2024-07-18 19:23:35,508 [ERROR] ConditionMgr:805 - Attr not supported : Dmpu
2024-07-18 19:23:35,508 [ERROR] ConditionMgr:805 - Attr not supported : Dmpu
2024-07-18 19:23:35,508 [ERROR] ConditionMgr:805 - Attr not supported : Dmpu
2024-07-18 19:23:35,508 [ERROR] ConditionMgr:805 - Attr not supported : Dmpu
2024-07-18 19:23:35,508 [ERROR] ConditionMgr:805 - Attr not supported : Dmpu
2024-07-18 19:23:35,508 [ERROR] ConditionMgr:805 - Attr not supported : Dmpu
2024-07-18 19:23:35,508 [ERROR] ConditionMgr:805 - Attr not supported : Dmpu
2024-07-18 19:23:35,508 [ERROR] ConditionMgr:805 - Attr not supported : Dmpu
2024-07-18 19:23:35,508 [ERROR] ConditionMgr:805 - Attr not supported : Dmpu
2024-07-18 19:23:35,508 [ERROR] ConditionMgr:805 - Attr not supported : Dmpu
2024-07-18 19:23:35,508 [ERROR] ConditionMgr:805 - Attr not supported : Dmpu
2024-07-18 19:23:35,508 [ERROR] ConditionMgr:805 - Attr not supported : Dmpu
2024-07-18 19:23:35,508 [ERROR] ConditionMgr:805 - Attr not supported : Dmpu
2024-07-18 19:23:35,508 [ERROR] ConditionMgr:805 - Attr not supported : Dmpu
2024-07-18 19:23:35,508 [ERROR] ConditionMgr:805 - Attr not supported : Dmpu
2024-07-18 19:23:35,508 [ERROR] ConditionMgr:805 - Attr not supported : Dmpu
2024-07-18 19:23:35,518 [WARN] PackLoader:240 - Cannot read IP mode file for RealThread.X-CUBE-RT-Thread_Nano.4.1.1
2024-07-18 19:23:35,525 [WARN] PackLoader:240 - Cannot read IP mode file for wolfSSL.I-CUBE-wolfSSL.5.7.0
2024-07-18 19:23:35,533 [WARN] PackLoader:240 - Cannot read IP mode file for STMicroelectronics.FP-ATR-SIGFOX1.3.2.0
2024-07-18 19:23:35,543 [WARN] PackLoader:240 - Cannot read IP mode file for STMicroelectronics.X-CUBE-EEPRMA1.5.1.0
2024-07-18 19:23:35,552 [WARN] PackLoader:240 - Cannot read IP mode file for ITTIA_DB.I-CUBE-ITTIADB.8.9.0
2024-07-18 19:23:35,576 [WARN] PackLoader:240 - Cannot read IP mode file for SEGGER.I-CUBE-embOS.1.3.1
2024-07-18 19:23:35,603 [WARN] PackLoader:240 - Cannot read IP mode file for STMicroelectronics.X-CUBE-ALGOBUILD.1.4.0
2024-07-18 19:23:35,611 [WARN] PackLoader:240 - Cannot read IP mode file for STMicroelectronics.X-CUBE-GNSS1.6.0.0
2024-07-18 19:23:35,630 [WARN] PackLoader:240 - Cannot read IP mode file for STMicroelectronics.X-CUBE-AZRTOS-F4.1.1.0
2024-07-18 19:23:35,640 [WARN] PackLoader:240 - Cannot read IP mode file for STMicroelectronics.X-CUBE-FREERTOS.1.2.0
2024-07-18 19:23:35,659 [WARN] PackLoader:240 - Cannot read IP mode file for STMicroelectronics.X-CUBE-AZRTOS-L5.2.0.0
2024-07-18 19:23:35,672 [WARN] PackLoader:240 - Cannot read IP mode file for STMicroelectronics.X-CUBE-NFC6.3.1.0
2024-07-18 19:23:35,685 [WARN] PackLoader:240 - Cannot read IP mode file for STMicroelectronics.X-CUBE-DPower.1.2.0
2024-07-18 19:23:35,695 [WARN] PackLoader:240 - Cannot read IP mode file for STMicroelectronics.X-CUBE-AI.9.0.0
2024-07-18 19:23:35,711 [WARN] PackLoader:240 - Cannot read IP mode file for STMicroelectronics.X-CUBE-NFC7.1.0.1
2024-07-18 19:23:35,722 [WARN] PackLoader:240 - Cannot read IP mode file for wolfSSL.I-CUBE-wolfTPM.3.2.0
2024-07-18 19:23:35,742 [WARN] ConditionMgr:438 - getConditionDescription Invalid condition id : LAN8742 Phy interface Condition cause : null
2024-07-18 19:23:35,742 [WARN] PackLoader:240 - Cannot read IP mode file for STMicroelectronics.X-CUBE-AZRTOS-L4.2.0.0
2024-07-18 19:23:35,743 [WARN] ConditionMgr:1039 - genDependencies : Invalid condition id : LAN8742 Phy interface Condition cause : null
2024-07-18 19:23:35,743 [WARN] ConditionMgr:1039 - genDependencies : Invalid condition id : LAN8742 Phy interface Condition cause : null
2024-07-18 19:23:35,743 [WARN] ConditionMgr:1039 - genDependencies : Invalid condition id : LAN8742 Phy interface Condition cause : null
2024-07-18 19:23:35,752 [WARN] PackLoader:240 - Cannot read IP mode file for STMicroelectronics.X-CUBE-SFXS2LP1.4.0.0
2024-07-18 19:23:35,768 [WARN] ConditionMgr:438 - getConditionDescription Invalid condition id : UX DEVICE CLASS RTOS Condition cause : null
2024-07-18 19:23:35,768 [WARN] ConditionMgr:438 - getConditionDescription Invalid condition id : UX DEVICE CLASS RTOS Condition cause : null
2024-07-18 19:23:35,769 [WARN] PackLoader:240 - Cannot read IP mode file for STMicroelectronics.X-CUBE-AZRTOS-WB.2.0.0
2024-07-18 19:23:35,770 [WARN] ConditionMgr:1039 - genDependencies : Invalid condition id : UX DEVICE CLASS RTOS Condition cause : null
2024-07-18 19:23:35,770 [WARN] ConditionMgr:1039 - genDependencies : Invalid condition id : UX DEVICE CLASS RTOS Condition cause : null
2024-07-18 19:23:35,770 [WARN] ConditionMgr:1039 - genDependencies : Invalid condition id : UX DEVICE CLASS RTOS Condition cause : null
2024-07-18 19:23:35,770 [WARN] ConditionMgr:1039 - genDependencies : Invalid condition id : UX DEVICE CLASS RTOS Condition cause : null
2024-07-18 19:23:35,770 [WARN] ConditionMgr:1039 - genDependencies : Invalid condition id : UX DEVICE CLASS RTOS Condition cause : null
2024-07-18 19:23:35,782 [WARN] PackLoader:240 - Cannot read IP mode file for STMicroelectronics.X-CUBE-SUBG2.5.0.0
2024-07-18 19:23:35,792 [WARN] PackLoader:240 - Cannot read IP mode file for Cesanta.I-CUBE-Mongoose.7.13.0
2024-07-18 19:23:35,808 [WARN] PackLoader:240 - Cannot read IP mode file for STMicroelectronics.X-CUBE-AZRTOS-G4.2.0.0
2024-07-18 19:23:35,816 [WARN] PackLoader:240 - Cannot read IP mode file for STMicroelectronics.X-CUBE-ISPU.2.0.0
2024-07-18 19:23:35,824 [WARN] PackLoader:240 - Cannot read IP mode file for STMicroelectronics.X-CUBE-ALS.1.0.2
2024-07-18 19:23:35,853 [WARN] PackLoader:240 - Cannot read IP mode file for STMicroelectronics.X-CUBE-MEMS1.10.0.0
2024-07-18 19:23:35,913 [WARN] PackLoader:240 - Cannot read IP mode file for STMicroelectronics.X-CUBE-FREERTOS.1.1.0
2024-07-18 19:23:35,920 [WARN] PackLoader:240 - Cannot read IP mode file for STMicroelectronics.X-CUBE-TOUCHGFX.4.24.0
2024-07-18 19:23:35,929 [WARN] PackLoader:240 - Cannot read IP mode file for portGmbH.I-Cube-SoM-uGOAL.1.1.0
2024-07-18 19:23:35,936 [WARN] PackLoader:240 - Cannot read IP mode file for STMicroelectronics.X-CUBE-ALS.1.0.1
2024-07-18 19:23:35,955 [WARN] PackLoader:240 - Cannot read IP mode file for STMicroelectronics.X-CUBE-AZRTOS-H7RS.1.0.0
2024-07-18 19:23:35,963 [WARN] PackLoader:240 - Cannot read IP mode file for STMicroelectronics.FP-ATR-ASTRA1.2.0.0
2024-07-18 19:23:35,974 [WARN] PackLoader:240 - Cannot read IP mode file for STMicroelectronics.X-CUBE-TOF1.3.4.1
2024-07-18 19:23:36,002 [WARN] PackLoader:240 - Cannot read IP mode file for STMicroelectronics.X-CUBE-AZRTOS-H7.3.2.0
2024-07-18 19:23:36,021 [WARN] PackLoader:240 - Cannot read IP mode file for Infineon.AIROC-Wi-Fi-Bluetooth-STM32.1.6.0
2024-07-18 19:23:36,024 [INFO] ThirdParty:978 - Integrity check success = true
2024-07-18 19:23:36,024 [INFO] IntegrityCheckThread:100 - exiting critical section [integrity check]
2024-07-18 19:23:36,024 [INFO] IntegrityCheckThread:103 - End integrity checks thread
2024-07-18 19:23:36,819 [INFO] WebApp:161 - Instantiating new browser for Auth
2024-07-18 19:23:37,173 [INFO] WebApp:779 - Register for checkConnection events
2024-07-18 19:23:37,173 [INFO] WebApp:414 - Apply proxy settings
2024-07-18 19:23:37,173 [INFO] WebApp:499 - Chromium requires no authentication
2024-07-18 19:23:37,177 [INFO] WebApp:442 - Direct internet connection detected
2024-07-18 19:23:37,290 [INFO] WebApp:192 - Starting web application
2024-07-18 19:23:37,290 [INFO] WebApp:544 - Web application path used C:\ST\STM32CubeIDE_1.15.0\STM32CubeIDE\plugins\com.st.stm32cube.common.mx_6.11.0.202403141607\db\plugins\mcufinder\reactClient1\index.html
2024-07-18 23:46:14,452 [ERROR] LogOutputStream:75 - [STDERR_REDIRECT] 
