2024-07-07 17:19:43,214 [INFO] Activator:176 - 


2024-07-07 17:19:43,216 [INFO] Activator:177 - !SESSION log4j initialized
2024-07-07 17:19:44,667 [INFO] LogOutputStream:77 - [STDOUT_REDIRECT] 
2024-07-07 17:19:45,694 [INFO] ApplicationProperties:184 - Using Application install path: C:\ST\STM32CubeIDE_1.15.0\STM32CubeIDE\plugins\com.st.stm32cube.common.mx_6.11.0.202403141607
2024-07-07 17:19:45,703 [INFO] DbMcusXml:78 - Set database path to: C:\ST\STM32CubeIDE_1.15.0\STM32CubeIDE\plugins\com.st.stm32cube.common.mx_6.11.0.202403141607\\db\/mcu/
2024-07-07 17:19:45,703 [INFO] ApiDb:274 - Set plugin database path to: C:\ST\STM32CubeIDE_1.15.0\STM32CubeIDE\plugins\com.st.stm32cube.common.mx_6.11.0.202403141607\\db\/plugins/boardmanager/
2024-07-07 17:19:45,704 [WARN] ApiDb:259 - Overriding images path with different value:  => C:\ST\STM32CubeIDE_1.15.0\STM32CubeIDE\plugins\com.st.stm32cube.common.mx_6.11.0.202403141607\\db\/plugins/mcufinder/images/
2024-07-07 17:19:45,707 [INFO] ApiDb:250 - Set database path to: C:\Users\alexl\.stmcufinder\plugins\mcufinder//mcu/
2024-07-07 17:19:45,708 [INFO] DbMcusAds:125 - Set database path to: C:\Users\alexl\.stmcufinder\plugins\mcufinder//mcu/
2024-07-07 17:19:45,708 [INFO] CrossReferenceDbSqlite:203 - Set database path to: C:\Users\alexl\.stmcufinder\plugins\mcufinder//mcu/cs/
2024-07-07 17:19:45,782 [INFO] RulesReader:64 - Compatibility file has been processed (297 Rules)
2024-07-07 17:19:45,830 [INFO] DbMcusXml:78 - Set database path to: C:\ST\STM32CubeIDE_1.15.0\STM32CubeIDE\plugins\com.st.stm32cube.common.mx_6.11.0.202403141607\\db\/mcu/
2024-07-07 17:19:45,830 [INFO] ApiDb:274 - Set plugin database path to: C:\ST\STM32CubeIDE_1.15.0\STM32CubeIDE\plugins\com.st.stm32cube.common.mx_6.11.0.202403141607\\db\/plugins/boardmanager/
2024-07-07 17:19:45,830 [INFO] ApiDb:261 - Set plugin images path to: C:\ST\STM32CubeIDE_1.15.0\STM32CubeIDE\plugins\com.st.stm32cube.common.mx_6.11.0.202403141607\\db\/plugins/mcufinder/images/
2024-07-07 17:19:45,830 [WARN] DbFile:41 - Overriding database path with different value: C:\Users\alexl\.stmcufinder\plugins\mcufinder/ => C:\Users\alexl\.stmcufinder\plugins\mcufinder
2024-07-07 17:19:45,830 [INFO] ApiDb:250 - Set database path to: C:\Users\alexl\.stmcufinder\plugins\mcufinder//mcu/
2024-07-07 17:19:45,830 [WARN] DbFile:41 - Overriding database path with different value: C:\Users\alexl\.stmcufinder\plugins\mcufinder/ => C:\Users\alexl\.stmcufinder\plugins\mcufinder
2024-07-07 17:19:45,830 [INFO] DbMcusAds:125 - Set database path to: C:\Users\alexl\.stmcufinder\plugins\mcufinder//mcu/
2024-07-07 17:19:45,830 [WARN] DbFile:41 - Overriding database path with different value: C:\Users\alexl\.stmcufinder\plugins\mcufinder/ => C:\Users\alexl\.stmcufinder\plugins\mcufinder
2024-07-07 17:19:45,830 [WARN] DbFile:41 - Overriding database path with different value: C:\Users\alexl\.stmcufinder\plugins\mcufinder/ => C:\Users\alexl\.stmcufinder\plugins\mcufinder
2024-07-07 17:19:45,831 [INFO] CrossReferenceDbSqlite:203 - Set database path to: C:\Users\alexl\.stmcufinder\plugins\mcufinder//mcu/cs/
2024-07-07 17:19:45,880 [INFO] MainPanel:264 - HeapMemory: 268435456
2024-07-07 17:19:45,925 [INFO] DbMcusXml:78 - Set database path to: C:\ST\STM32CubeIDE_1.15.0\STM32CubeIDE\plugins\com.st.stm32cube.common.mx_6.11.0.202403141607\\db\/mcu/
2024-07-07 17:19:45,925 [INFO] ApiDb:274 - Set plugin database path to: C:\ST\STM32CubeIDE_1.15.0\STM32CubeIDE\plugins\com.st.stm32cube.common.mx_6.11.0.202403141607\\db\/plugins/boardmanager/
2024-07-07 17:19:45,925 [INFO] ApiDb:261 - Set plugin images path to: C:\ST\STM32CubeIDE_1.15.0\STM32CubeIDE\plugins\com.st.stm32cube.common.mx_6.11.0.202403141607\\db\/plugins/mcufinder/images/
2024-07-07 17:19:45,926 [WARN] DbFile:41 - Overriding database path with different value: C:\Users\alexl\.stmcufinder\plugins\mcufinder/ => C:\Users\alexl\.stmcufinder\plugins\mcufinder
2024-07-07 17:19:45,926 [INFO] ApiDb:250 - Set database path to: C:\Users\alexl\.stmcufinder\plugins\mcufinder//mcu/
2024-07-07 17:19:45,926 [WARN] DbFile:41 - Overriding database path with different value: C:\Users\alexl\.stmcufinder\plugins\mcufinder/ => C:\Users\alexl\.stmcufinder\plugins\mcufinder
2024-07-07 17:19:45,926 [INFO] DbMcusAds:125 - Set database path to: C:\Users\alexl\.stmcufinder\plugins\mcufinder//mcu/
2024-07-07 17:19:45,926 [WARN] DbFile:41 - Overriding database path with different value: C:\Users\alexl\.stmcufinder\plugins\mcufinder/ => C:\Users\alexl\.stmcufinder\plugins\mcufinder
2024-07-07 17:19:45,926 [WARN] DbFile:41 - Overriding database path with different value: C:\Users\alexl\.stmcufinder\plugins\mcufinder/ => C:\Users\alexl\.stmcufinder\plugins\mcufinder
2024-07-07 17:19:45,926 [INFO] CrossReferenceDbSqlite:203 - Set database path to: C:\Users\alexl\.stmcufinder\plugins\mcufinder//mcu/cs/
2024-07-07 17:19:45,937 [INFO] ApplicationProperties:184 - Using Application install path: C:\ST\STM32CubeIDE_1.15.0\STM32CubeIDE\plugins\com.st.stm32cube.common.mx_6.11.0.202403141607
2024-07-07 17:19:45,938 [INFO] PluginManage:196 - Search for loadable plugins [exclusion list=, ]
2024-07-07 17:19:45,938 [INFO] PluginManage:310 - Check plugin analytics
2024-07-07 17:19:46,035 [INFO] AnalyticsPlugin:253 - Accepted Software Licenses: 
2024-07-07 17:19:46,035 [INFO] AnalyticsPlugin:255 - Accepted CMSIS Pack Licenses: 
2024-07-07 17:19:46,035 [INFO] AnalyticsPlugin:257 - Accepted Firmware Licenses: 
2024-07-07 17:19:46,036 [INFO] PluginManage:359 - Loaded plugin analytics (category:tool,tabindex:-1)
2024-07-07 17:19:46,036 [INFO] PluginManage:310 - Check plugin cadmodel
2024-07-07 17:19:46,039 [INFO] CADModel:105 - Init CAD model plugin
2024-07-07 17:19:46,039 [INFO] PluginManage:359 - Loaded plugin cadmodel (category:power,tabindex:5)
2024-07-07 17:19:46,039 [INFO] PluginManage:310 - Check plugin clock
2024-07-07 17:19:46,043 [INFO] PluginManage:359 - Loaded plugin clock (category:base,tabindex:2)
2024-07-07 17:19:46,043 [INFO] PluginManage:310 - Check plugin ddr
2024-07-07 17:19:46,044 [INFO] PluginManage:359 - Loaded plugin ddr (category:tool,tabindex:6)
2024-07-07 17:19:46,044 [INFO] PluginManage:310 - Check plugin filemanager
2024-07-07 17:19:46,124 [INFO] PluginManage:359 - Loaded plugin filemanager (category:base,tabindex:10)
2024-07-07 17:19:46,124 [INFO] PluginManage:310 - Check plugin ipmanager
2024-07-07 17:19:46,128 [INFO] PluginManage:359 - Loaded plugin ipmanager (category:base,tabindex:5)
2024-07-07 17:19:46,128 [INFO] PluginManage:310 - Check plugin lpbam
2024-07-07 17:19:46,133 [INFO] PluginManage:359 - Loaded plugin lpbam (category:base,tabindex:0)
2024-07-07 17:19:46,133 [INFO] PluginManage:310 - Check plugin memorymap
2024-07-07 17:19:46,142 [INFO] PluginManage:359 - Loaded plugin memorymap (category:base,tabindex:4)
2024-07-07 17:19:46,142 [INFO] PluginManage:310 - Check plugin pinoutandconfiguration
2024-07-07 17:19:46,147 [INFO] PluginManage:359 - Loaded plugin pinoutandconfiguration (category:base,tabindex:1)
2024-07-07 17:19:46,147 [INFO] PluginManage:310 - Check plugin pinoutconfig
2024-07-07 17:19:46,195 [WARN] SupportedApi:132 - Cannot load RTOS API schema: s4s-elt-must-match.1: The content of 'definitions' must match (annotation?, (simpleType | complexType)?, (unique | key | keyref)*)). A problem was found starting at: attribute.
2024-07-07 17:19:46,289 [INFO] PluginManage:359 - Loaded plugin pinoutconfig (category:base,tabindex:0)
2024-07-07 17:19:46,289 [INFO] PluginManage:310 - Check plugin power
2024-07-07 17:19:46,294 [INFO] PluginManage:359 - Loaded plugin power (category:power,tabindex:4)
2024-07-07 17:19:46,294 [INFO] PluginManage:310 - Check plugin projectmanager
2024-07-07 17:19:46,303 [INFO] PluginManage:359 - Loaded plugin projectmanager (category:projectmanager,tabindex:3)
2024-07-07 17:19:46,303 [INFO] PluginManage:310 - Check plugin thirdparty
2024-07-07 17:19:46,367 [INFO] PluginManage:359 - Loaded plugin thirdparty (category:base,tabindex:-1)
2024-07-07 17:19:46,367 [INFO] PluginManage:310 - Check plugin tools
2024-07-07 17:19:46,367 [WARN] IntegrityCheckThread:84 - waiting for thirdparty lock release [integrity check]
2024-07-07 17:19:46,368 [INFO] IntegrityCheckThread:86 - entering critical section [integrity check]
2024-07-07 17:19:46,368 [INFO] ThirdPartyUpdaterWithRetryManager:70 - Updater plugin not ready yet. [1/15]
2024-07-07 17:19:46,369 [INFO] PluginManage:359 - Loaded plugin tools (category:base,tabindex:7)
2024-07-07 17:19:46,369 [INFO] PluginManage:310 - Check plugin tutovideos
2024-07-07 17:19:46,474 [INFO] PluginManage:359 - Loaded plugin tutovideos (category:base,tabindex:-1)
2024-07-07 17:19:46,475 [INFO] PluginManage:310 - Check plugin updater
2024-07-07 17:19:46,480 [INFO] PluginManage:359 - Loaded plugin updater (category:base,tabindex:12)
2024-07-07 17:19:46,480 [INFO] PluginManage:310 - Check plugin userauth
2024-07-07 17:19:46,483 [INFO] UserAuth:114 - Init User Auth plugin
2024-07-07 17:19:46,483 [INFO] PluginManage:359 - Loaded plugin userauth (category:base,tabindex:14)
2024-07-07 17:19:46,483 [INFO] PluginManage:283 - PluginManage : Loaded plugins [17]
2024-07-07 17:19:46,600 [INFO] PinOutPanel:1561 - setPackage(No Configuration,No Configuration)
2024-07-07 17:19:46,641 [INFO] CADModel:165 - CPN selected for project level
2024-07-07 17:19:46,642 [INFO] CADModel:114 - Register for checkConnection events
2024-07-07 17:19:46,651 [INFO] IPUIPlugin:80 - create IPUIPlugin
2024-07-07 17:19:46,651 [INFO] PluginManager:220 - loadIPPluginJar : add adc
2024-07-07 17:19:46,653 [INFO] IPUIPlugin:80 - create IPUIPlugin
2024-07-07 17:19:46,653 [INFO] PluginManager:220 - loadIPPluginJar : add aes
2024-07-07 17:19:46,654 [INFO] IPUIPlugin:80 - create IPUIPlugin
2024-07-07 17:19:46,654 [INFO] PluginManager:220 - loadIPPluginJar : add can
2024-07-07 17:19:46,655 [INFO] IPUIPlugin:80 - create IPUIPlugin
2024-07-07 17:19:46,655 [INFO] PluginManager:220 - loadIPPluginJar : add comp
2024-07-07 17:19:46,656 [INFO] IPUIPlugin:80 - create IPUIPlugin
2024-07-07 17:19:46,656 [INFO] PluginManager:220 - loadIPPluginJar : add cryp
2024-07-07 17:19:46,657 [INFO] IPUIPlugin:80 - create IPUIPlugin
2024-07-07 17:19:46,657 [INFO] PluginManager:220 - loadIPPluginJar : add dfsdm
2024-07-07 17:19:46,660 [INFO] IPUIPlugin:80 - create IPUIPlugin
2024-07-07 17:19:46,660 [INFO] PluginManager:220 - loadIPPluginJar : add dma
2024-07-07 17:19:46,662 [INFO] IPUIPlugin:80 - create IPUIPlugin
2024-07-07 17:19:46,662 [INFO] PluginManager:220 - loadIPPluginJar : add dma3
2024-07-07 17:19:46,663 [INFO] IPUIPlugin:80 - create IPUIPlugin
2024-07-07 17:19:46,663 [INFO] PluginManager:220 - loadIPPluginJar : add extmemmanager
2024-07-07 17:19:46,664 [INFO] IPUIPlugin:80 - create IPUIPlugin
2024-07-07 17:19:46,664 [INFO] PluginManager:220 - loadIPPluginJar : add fatfs
2024-07-07 17:19:46,666 [INFO] IPUIPlugin:80 - create IPUIPlugin
2024-07-07 17:19:46,666 [INFO] PluginManager:220 - loadIPPluginJar : add fmc
2024-07-07 17:19:46,669 [INFO] IPUIPlugin:80 - create IPUIPlugin
2024-07-07 17:19:46,669 [INFO] PluginManager:220 - loadIPPluginJar : add freertos
2024-07-07 17:19:46,670 [INFO] IPUIPlugin:80 - create IPUIPlugin
2024-07-07 17:19:46,670 [INFO] PluginManager:220 - loadIPPluginJar : add genericplugin
2024-07-07 17:19:46,671 [INFO] IPUIPlugin:80 - create IPUIPlugin
2024-07-07 17:19:46,671 [INFO] PluginManager:220 - loadIPPluginJar : add gfxmmu
2024-07-07 17:19:46,674 [INFO] IPUIPlugin:80 - create IPUIPlugin
2024-07-07 17:19:46,674 [INFO] PluginManager:220 - loadIPPluginJar : add gic
2024-07-07 17:19:46,676 [INFO] IPUIPlugin:80 - create IPUIPlugin
2024-07-07 17:19:46,676 [INFO] PluginManager:220 - loadIPPluginJar : add gpio
2024-07-07 17:19:46,677 [INFO] IPUIPlugin:80 - create IPUIPlugin
2024-07-07 17:19:46,678 [INFO] PluginManager:220 - loadIPPluginJar : add gtzc
2024-07-07 17:19:46,679 [INFO] IPUIPlugin:80 - create IPUIPlugin
2024-07-07 17:19:46,679 [INFO] PluginManager:220 - loadIPPluginJar : add hash
2024-07-07 17:19:46,680 [INFO] IPUIPlugin:80 - create IPUIPlugin
2024-07-07 17:19:46,680 [INFO] PluginManager:220 - loadIPPluginJar : add i2c
2024-07-07 17:19:46,681 [INFO] IPUIPlugin:80 - create IPUIPlugin
2024-07-07 17:19:46,681 [INFO] PluginManager:220 - loadIPPluginJar : add i2s
2024-07-07 17:19:46,683 [INFO] IPUIPlugin:80 - create IPUIPlugin
2024-07-07 17:19:46,683 [INFO] PluginManager:220 - loadIPPluginJar : add i3c
2024-07-07 17:19:46,684 [INFO] IPUIPlugin:80 - create IPUIPlugin
2024-07-07 17:19:46,684 [INFO] PluginManager:220 - loadIPPluginJar : add ipddr
2024-07-07 17:19:46,688 [INFO] IPUIPlugin:80 - create IPUIPlugin
2024-07-07 17:19:46,688 [INFO] PluginManager:220 - loadIPPluginJar : add linkedlist
2024-07-07 17:19:46,689 [INFO] IPUIPlugin:80 - create IPUIPlugin
2024-07-07 17:19:46,689 [INFO] PluginManager:220 - loadIPPluginJar : add lorawan
2024-07-07 17:19:46,690 [INFO] IPUIPlugin:80 - create IPUIPlugin
2024-07-07 17:19:46,690 [INFO] PluginManager:220 - loadIPPluginJar : add ltdc
2024-07-07 17:19:46,692 [INFO] IPUIPlugin:80 - create IPUIPlugin
2024-07-07 17:19:46,693 [INFO] PluginManager:220 - loadIPPluginJar : add mdma
2024-07-07 17:19:46,694 [INFO] IPUIPlugin:80 - create IPUIPlugin
2024-07-07 17:19:46,694 [INFO] PluginManager:220 - loadIPPluginJar : add nvic
2024-07-07 17:19:46,695 [INFO] IPUIPlugin:80 - create IPUIPlugin
2024-07-07 17:19:46,696 [INFO] PluginManager:220 - loadIPPluginJar : add opamp
2024-07-07 17:19:46,697 [INFO] IPUIPlugin:80 - create IPUIPlugin
2024-07-07 17:19:46,697 [INFO] PluginManager:220 - loadIPPluginJar : add openamp
2024-07-07 17:19:46,698 [INFO] IPUIPlugin:80 - create IPUIPlugin
2024-07-07 17:19:46,698 [INFO] PluginManager:220 - loadIPPluginJar : add pdm2pcm
2024-07-07 17:19:46,702 [INFO] IPUIPlugin:80 - create IPUIPlugin
2024-07-07 17:19:46,704 [INFO] PluginManager:220 - loadIPPluginJar : add plateformsettings
2024-07-07 17:19:46,705 [INFO] IPUIPlugin:80 - create IPUIPlugin
2024-07-07 17:19:46,705 [INFO] PluginManager:220 - loadIPPluginJar : add quadspi
2024-07-07 17:19:46,707 [INFO] IPUIPlugin:80 - create IPUIPlugin
2024-07-07 17:19:46,707 [INFO] PluginManager:220 - loadIPPluginJar : add resmgrutility
2024-07-07 17:19:46,709 [INFO] IPUIPlugin:80 - create IPUIPlugin
2024-07-07 17:19:46,709 [INFO] PluginManager:220 - loadIPPluginJar : add sai
2024-07-07 17:19:46,710 [INFO] IPUIPlugin:80 - create IPUIPlugin
2024-07-07 17:19:46,710 [INFO] PluginManager:220 - loadIPPluginJar : add spi
2024-07-07 17:19:46,713 [INFO] IPUIPlugin:80 - create IPUIPlugin
2024-07-07 17:19:46,713 [INFO] PluginManager:220 - loadIPPluginJar : add stm32_wpan
2024-07-07 17:19:46,714 [INFO] IPUIPlugin:80 - create IPUIPlugin
2024-07-07 17:19:46,714 [INFO] PluginManager:220 - loadIPPluginJar : add tim
2024-07-07 17:19:46,716 [INFO] IPUIPlugin:80 - create IPUIPlugin
2024-07-07 17:19:46,716 [INFO] PluginManager:220 - loadIPPluginJar : add touchsensing
2024-07-07 17:19:46,717 [INFO] IPUIPlugin:80 - create IPUIPlugin
2024-07-07 17:19:46,717 [INFO] PluginManager:220 - loadIPPluginJar : add tracer_emb
2024-07-07 17:19:46,718 [INFO] IPUIPlugin:80 - create IPUIPlugin
2024-07-07 17:19:46,718 [INFO] PluginManager:220 - loadIPPluginJar : add ts
2024-07-07 17:19:46,719 [INFO] IPUIPlugin:80 - create IPUIPlugin
2024-07-07 17:19:46,719 [INFO] PluginManager:220 - loadIPPluginJar : add tsc
2024-07-07 17:19:46,720 [INFO] IPUIPlugin:80 - create IPUIPlugin
2024-07-07 17:19:46,720 [INFO] PluginManager:220 - loadIPPluginJar : add ucpd
2024-07-07 17:19:46,721 [INFO] IPUIPlugin:80 - create IPUIPlugin
2024-07-07 17:19:46,721 [INFO] PluginManager:220 - loadIPPluginJar : add usart
2024-07-07 17:19:46,722 [INFO] IPUIPlugin:80 - create IPUIPlugin
2024-07-07 17:19:46,722 [INFO] PluginManager:220 - loadIPPluginJar : add usbx
2024-07-07 17:19:46,831 [INFO] CADModel:165 - CPN selected for project level
2024-07-07 17:19:46,831 [INFO] CADModel:114 - Register for checkConnection events
2024-07-07 17:19:46,831 [FATAL] Updater:308 - Updater called before beeing initialized
2024-07-07 17:19:46,831 [ERROR] CADModel:125 - Updater not yet initialized, retry later 
2024-07-07 17:19:46,904 [INFO] CADModel:165 - CPN selected for project level
2024-07-07 17:19:46,904 [INFO] CADModel:114 - Register for checkConnection events
2024-07-07 17:19:46,905 [FATAL] Updater:308 - Updater called before beeing initialized
2024-07-07 17:19:46,905 [ERROR] CADModel:125 - Updater not yet initialized, retry later 
2024-07-07 17:19:46,906 [FATAL] Updater:308 - Updater called before beeing initialized
2024-07-07 17:19:46,964 [FATAL] Updater:308 - Updater called before beeing initialized
2024-07-07 17:19:46,967 [INFO] DbMcusAds:53 - JSON generation date=Thu May 16 12:22:00 EEST 2024 (1715851320667)
2024-07-07 17:19:46,967 [FATAL] Updater:308 - Updater called before beeing initialized
2024-07-07 17:19:46,990 [WARN] DetailPanel:346 - Failed to get advertising image, set to default
2024-07-07 17:19:47,058 [FATAL] Updater:308 - Updater called before beeing initialized
2024-07-07 17:19:47,059 [FATAL] Updater:308 - Updater called before beeing initialized
2024-07-07 17:19:47,059 [FATAL] Updater:308 - Updater called before beeing initialized
2024-07-07 17:19:47,059 [WARN] DetailPanel:346 - Failed to get advertising image, set to default
2024-07-07 17:19:47,060 [FATAL] Updater:308 - Updater called before beeing initialized
2024-07-07 17:19:47,087 [ERROR] Updater:1120 - MainUpdater not yet initialized. External WinMGr cannot be set.
2024-07-07 17:19:47,088 [INFO] Updater:1056 - Updater Version found : 6.11.0
2024-07-07 17:19:47,101 [INFO] ApplicationProperties:184 - Using Application install path: C:\ST\STM32CubeIDE_1.15.0\STM32CubeIDE\plugins\com.st.stm32cube.common.mx_6.11.0.202403141607
2024-07-07 17:19:48,671 [ERROR] LogOutputStream:75 - [STDERR_REDIRECT] Jul 07, 2024 5:19:48 PM java.util.prefs.WindowsPreferences <init>
2024-07-07 17:19:48,672 [ERROR] LogOutputStream:75 - [STDERR_REDIRECT] WARNING: Could not open/create prefs root node Software\JavaSoft\Prefs at root 0xffffffff80000002. Windows RegCreateKeyEx(...) returned error code 5.
2024-07-07 17:19:48,672 [ERROR] LogOutputStream:75 - [STDERR_REDIRECT] 
2024-07-07 17:19:48,882 [INFO] MainUpdater:2873 - connection check result : 10
2024-07-07 17:19:48,882 [INFO] MainUpdater:290 - Updater Check For Update Now.
2024-07-07 17:19:48,883 [INFO] MicroXplorer:498 - Change Database Version : DB.6.0.110
2024-07-07 17:19:48,890 [INFO] McuFinderGlobals:63 - Set McuFinder mode to 2 (CubeIDE integrated)
2024-07-07 17:19:48,890 [INFO] UserAuth:179 - activating auth plugin
2024-07-07 17:19:48,891 [INFO] UserAuth:415 - Internet connection configuration mode: 1
2024-07-07 17:19:48,900 [INFO] JxBrowserEngine:152 - Initiate JxBrowser Engine with user profile folder
2024-07-07 17:19:49,034 [INFO] CheckServerUpdateThread:120 - End of CheckServer Thread
2024-07-07 17:19:49,240 [INFO] WebApp:161 - Instantiating new browser for Auth
2024-07-07 17:19:49,481 [WARN] PackLoader:240 - Cannot read IP mode file for STMicroelectronics.FP-SNS-MOTENVWB1.1.4.0
2024-07-07 17:19:49,490 [WARN] PackLoader:240 - Cannot read IP mode file for STMicroelectronics.X-CUBE-SMBUS.2.1.0
2024-07-07 17:19:49,494 [WARN] PackLoader:240 - Cannot read IP mode file for STMicroelectronics.X-CUBE-TOUCHGFX.4.23.2
2024-07-07 17:19:49,520 [WARN] PackLoader:240 - Cannot read IP mode file for STMicroelectronics.X-CUBE-AZRTOS-F7.1.1.0
2024-07-07 17:19:49,527 [WARN] PackLoader:240 - Cannot read IP mode file for STMicroelectronics.FP-SNS-FLIGHT1.5.0.2
2024-07-07 17:19:49,535 [WARN] PackLoader:240 - Cannot read IP mode file for STMicroelectronics.X-CUBE-DISPLAY.3.0.0
2024-07-07 17:19:49,547 [WARN] PackLoader:240 - Cannot read IP mode file for STMicroelectronics.X-CUBE-BLE1.7.0.0
2024-07-07 17:19:49,552 [WARN] PackLoader:240 - Cannot read IP mode file for emotas.I-CUBE-CANOPEN.1.3.0
2024-07-07 17:19:49,568 [WARN] PackLoader:240 - Cannot read IP mode file for STMicroelectronics.X-CUBE-BLEMGR.3.1.0
2024-07-07 17:19:49,575 [WARN] PackLoader:240 - Cannot read IP mode file for STMicroelectronics.FP-SNS-SMARTAG2.1.2.0
2024-07-07 17:19:49,584 [INFO] LogOutputStream:77 - [STDOUT_REDIRECT] 1 : Invalid condition id : UX_CORESTACK_Condition cause : null
2024-07-07 17:19:49,585 [INFO] LogOutputStream:77 - [STDOUT_REDIRECT] 1 : Invalid condition id : UX_CORESTACK_Condition cause : null
2024-07-07 17:19:49,586 [INFO] LogOutputStream:77 - [STDOUT_REDIRECT] 1 : Invalid condition id : UX_CORESTACK_Condition cause : null
2024-07-07 17:19:49,587 [INFO] LogOutputStream:77 - [STDOUT_REDIRECT] 1 : Invalid condition id : UX_CORESTACK_Condition cause : null
2024-07-07 17:19:49,587 [INFO] LogOutputStream:77 - [STDOUT_REDIRECT] 1 : Invalid condition id : UX_CORESTACK_Condition cause : null
2024-07-07 17:19:49,592 [WARN] PackLoader:240 - Cannot read IP mode file for STMicroelectronics.X-CUBE-AZRTOS-WL.2.0.0
2024-07-07 17:19:49,604 [WARN] PackLoader:240 - Cannot read IP mode file for STMicroelectronics.FP-SNS-MOTENV1.5.0.0
2024-07-07 17:19:49,609 [WARN] PackLoader:240 - Cannot read IP mode file for wolfSSL.I-CUBE-wolfMQTT.1.19.0
2024-07-07 17:19:49,616 [WARN] PackLoader:240 - Cannot read IP mode file for WES.I-CUBE-Cesium.1.3.0
2024-07-07 17:19:49,628 [WARN] PackLoader:240 - Cannot read IP mode file for STMicroelectronics.X-CUBE-BLE2.3.3.0
2024-07-07 17:19:49,633 [WARN] PackLoader:240 - Cannot read IP mode file for STMicroelectronics.X-CUBE-TCPP.4.1.0
2024-07-07 17:19:49,638 [WARN] PackLoader:240 - Cannot read IP mode file for STMicroelectronics.X-CUBE-ALGOBUILD.1.3.0
2024-07-07 17:19:49,645 [INFO] WebApp:779 - Register for checkConnection events
2024-07-07 17:19:49,646 [INFO] WebApp:414 - Apply proxy settings
2024-07-07 17:19:49,646 [INFO] WebApp:499 - Chromium requires no authentication
2024-07-07 17:19:49,652 [INFO] WebApp:442 - Direct internet connection detected
2024-07-07 17:19:49,652 [WARN] PackLoader:240 - Cannot read IP mode file for STMicroelectronics.X-CUBE-AZRTOS-G0.1.1.0
2024-07-07 17:19:49,659 [WARN] PackLoader:240 - Cannot read IP mode file for STMicroelectronics.X-CUBE-SAFEA1.1.2.2
2024-07-07 17:19:49,664 [WARN] PackLoader:240 - Cannot read IP mode file for STMicroelectronics.X-CUBE-NFC4.3.0.0
2024-07-07 17:19:49,670 [WARN] PackLoader:240 - Cannot read IP mode file for EmbeddedOffice.I-CUBE-FS-RTOS.1.0.1
2024-07-07 17:19:49,670 [ERROR] ConditionMgr:805 - Attr not supported : Dmpu
2024-07-07 17:19:49,670 [ERROR] ConditionMgr:805 - Attr not supported : Dmpu
2024-07-07 17:19:49,670 [ERROR] ConditionMgr:805 - Attr not supported : Dmpu
2024-07-07 17:19:49,670 [ERROR] ConditionMgr:805 - Attr not supported : Dmpu
2024-07-07 17:19:49,670 [ERROR] ConditionMgr:805 - Attr not supported : Dmpu
2024-07-07 17:19:49,670 [ERROR] ConditionMgr:805 - Attr not supported : Dmpu
2024-07-07 17:19:49,670 [ERROR] ConditionMgr:805 - Attr not supported : Dmpu
2024-07-07 17:19:49,670 [ERROR] ConditionMgr:805 - Attr not supported : Dmpu
2024-07-07 17:19:49,670 [ERROR] ConditionMgr:805 - Attr not supported : Dmpu
2024-07-07 17:19:49,670 [ERROR] ConditionMgr:805 - Attr not supported : Dmpu
2024-07-07 17:19:49,670 [ERROR] ConditionMgr:805 - Attr not supported : Dmpu
2024-07-07 17:19:49,670 [ERROR] ConditionMgr:805 - Attr not supported : Dmpu
2024-07-07 17:19:49,670 [ERROR] ConditionMgr:805 - Attr not supported : Dmpu
2024-07-07 17:19:49,670 [ERROR] ConditionMgr:805 - Attr not supported : Dmpu
2024-07-07 17:19:49,670 [ERROR] ConditionMgr:805 - Attr not supported : Dmpu
2024-07-07 17:19:49,670 [ERROR] ConditionMgr:805 - Attr not supported : Dmpu
2024-07-07 17:19:49,670 [ERROR] ConditionMgr:805 - Attr not supported : Dmpu
2024-07-07 17:19:49,670 [ERROR] ConditionMgr:805 - Attr not supported : Dmpu
2024-07-07 17:19:49,670 [ERROR] ConditionMgr:805 - Attr not supported : Dmpu
2024-07-07 17:19:49,670 [ERROR] ConditionMgr:805 - Attr not supported : Dmpu
2024-07-07 17:19:49,670 [ERROR] ConditionMgr:805 - Attr not supported : Dmpu
2024-07-07 17:19:49,670 [ERROR] ConditionMgr:805 - Attr not supported : Dmpu
2024-07-07 17:19:49,670 [ERROR] ConditionMgr:805 - Attr not supported : Dmpu
2024-07-07 17:19:49,670 [ERROR] ConditionMgr:805 - Attr not supported : Dmpu
2024-07-07 17:19:49,670 [ERROR] ConditionMgr:805 - Attr not supported : Dmpu
2024-07-07 17:19:49,670 [ERROR] ConditionMgr:805 - Attr not supported : Dmpu
2024-07-07 17:19:49,671 [ERROR] ConditionMgr:805 - Attr not supported : Dmpu
2024-07-07 17:19:49,671 [ERROR] ConditionMgr:805 - Attr not supported : Dmpu
2024-07-07 17:19:49,671 [ERROR] ConditionMgr:805 - Attr not supported : Dmpu
2024-07-07 17:19:49,671 [ERROR] ConditionMgr:805 - Attr not supported : Dmpu
2024-07-07 17:19:49,671 [ERROR] ConditionMgr:805 - Attr not supported : Dmpu
2024-07-07 17:19:49,671 [ERROR] ConditionMgr:805 - Attr not supported : Dmpu
2024-07-07 17:19:49,671 [ERROR] ConditionMgr:805 - Attr not supported : Dmpu
2024-07-07 17:19:49,671 [ERROR] ConditionMgr:805 - Attr not supported : Dmpu
2024-07-07 17:19:49,671 [ERROR] ConditionMgr:805 - Attr not supported : Dmpu
2024-07-07 17:19:49,671 [ERROR] ConditionMgr:805 - Attr not supported : Dmpu
2024-07-07 17:19:49,671 [ERROR] ConditionMgr:805 - Attr not supported : Dmpu
2024-07-07 17:19:49,671 [ERROR] ConditionMgr:805 - Attr not supported : Dmpu
2024-07-07 17:19:49,671 [ERROR] ConditionMgr:805 - Attr not supported : Dmpu
2024-07-07 17:19:49,671 [ERROR] ConditionMgr:805 - Attr not supported : Dmpu
2024-07-07 17:19:49,671 [ERROR] ConditionMgr:805 - Attr not supported : Dmpu
2024-07-07 17:19:49,671 [ERROR] ConditionMgr:805 - Attr not supported : Dmpu
2024-07-07 17:19:49,672 [ERROR] ConditionMgr:805 - Attr not supported : Dmpu
2024-07-07 17:19:49,672 [ERROR] ConditionMgr:805 - Attr not supported : Dmpu
2024-07-07 17:19:49,672 [ERROR] ConditionMgr:805 - Attr not supported : Dmpu
2024-07-07 17:19:49,672 [ERROR] ConditionMgr:805 - Attr not supported : Dmpu
2024-07-07 17:19:49,672 [ERROR] ConditionMgr:805 - Attr not supported : Dmpu
2024-07-07 17:19:49,672 [ERROR] ConditionMgr:805 - Attr not supported : Dmpu
2024-07-07 17:19:49,672 [ERROR] ConditionMgr:805 - Attr not supported : Dmpu
2024-07-07 17:19:49,672 [ERROR] ConditionMgr:805 - Attr not supported : Dmpu
2024-07-07 17:19:49,672 [ERROR] ConditionMgr:805 - Attr not supported : Dmpu
2024-07-07 17:19:49,672 [ERROR] ConditionMgr:805 - Attr not supported : Dmpu
2024-07-07 17:19:49,672 [ERROR] ConditionMgr:805 - Attr not supported : Dmpu
2024-07-07 17:19:49,672 [ERROR] ConditionMgr:805 - Attr not supported : Dmpu
2024-07-07 17:19:49,672 [ERROR] ConditionMgr:805 - Attr not supported : Dmpu
2024-07-07 17:19:49,672 [ERROR] ConditionMgr:805 - Attr not supported : Dmpu
2024-07-07 17:19:49,672 [ERROR] ConditionMgr:805 - Attr not supported : Dmpu
2024-07-07 17:19:49,672 [ERROR] ConditionMgr:805 - Attr not supported : Dmpu
2024-07-07 17:19:49,672 [ERROR] ConditionMgr:805 - Attr not supported : Dmpu
2024-07-07 17:19:49,673 [ERROR] ConditionMgr:805 - Attr not supported : Dmpu
2024-07-07 17:19:49,673 [ERROR] ConditionMgr:805 - Attr not supported : Dmpu
2024-07-07 17:19:49,673 [ERROR] ConditionMgr:805 - Attr not supported : Dmpu
2024-07-07 17:19:49,673 [ERROR] ConditionMgr:805 - Attr not supported : Dmpu
2024-07-07 17:19:49,673 [ERROR] ConditionMgr:805 - Attr not supported : Dmpu
2024-07-07 17:19:49,677 [WARN] PackLoader:240 - Cannot read IP mode file for RealThread.X-CUBE-RT-Thread_Nano.4.1.1
2024-07-07 17:19:49,680 [WARN] PackLoader:240 - Cannot read IP mode file for wolfSSL.I-CUBE-wolfSSL.5.7.0
2024-07-07 17:19:49,682 [WARN] PackLoader:240 - Cannot read IP mode file for STMicroelectronics.FP-ATR-SIGFOX1.3.2.0
2024-07-07 17:19:49,685 [WARN] PackLoader:240 - Cannot read IP mode file for STMicroelectronics.X-CUBE-EEPRMA1.5.1.0
2024-07-07 17:19:49,689 [WARN] PackLoader:240 - Cannot read IP mode file for ITTIA_DB.I-CUBE-ITTIADB.8.9.0
2024-07-07 17:19:49,706 [WARN] PackLoader:240 - Cannot read IP mode file for SEGGER.I-CUBE-embOS.1.3.1
2024-07-07 17:19:49,737 [WARN] PackLoader:240 - Cannot read IP mode file for STMicroelectronics.X-CUBE-ALGOBUILD.1.4.0
2024-07-07 17:19:49,741 [WARN] PackLoader:240 - Cannot read IP mode file for STMicroelectronics.X-CUBE-GNSS1.6.0.0
2024-07-07 17:19:49,748 [WARN] PackLoader:240 - Cannot read IP mode file for STMicroelectronics.X-CUBE-AZRTOS-F4.1.1.0
2024-07-07 17:19:49,752 [WARN] PackLoader:240 - Cannot read IP mode file for STMicroelectronics.X-CUBE-FREERTOS.1.2.0
2024-07-07 17:19:49,759 [WARN] PackLoader:240 - Cannot read IP mode file for STMicroelectronics.X-CUBE-AZRTOS-L5.2.0.0
2024-07-07 17:19:49,763 [WARN] PackLoader:240 - Cannot read IP mode file for STMicroelectronics.X-CUBE-NFC6.3.1.0
2024-07-07 17:19:49,766 [WARN] PackLoader:240 - Cannot read IP mode file for STMicroelectronics.X-CUBE-DPower.1.2.0
2024-07-07 17:19:49,768 [WARN] PackLoader:240 - Cannot read IP mode file for STMicroelectronics.X-CUBE-AI.9.0.0
2024-07-07 17:19:49,771 [WARN] PackLoader:240 - Cannot read IP mode file for STMicroelectronics.X-CUBE-NFC7.1.0.1
2024-07-07 17:19:49,773 [WARN] PackLoader:240 - Cannot read IP mode file for wolfSSL.I-CUBE-wolfTPM.3.2.0
2024-07-07 17:19:49,780 [WARN] ConditionMgr:438 - getConditionDescription Invalid condition id : LAN8742 Phy interface Condition cause : null
2024-07-07 17:19:49,780 [WARN] PackLoader:240 - Cannot read IP mode file for STMicroelectronics.X-CUBE-AZRTOS-L4.2.0.0
2024-07-07 17:19:49,782 [WARN] ConditionMgr:1039 - genDependencies : Invalid condition id : LAN8742 Phy interface Condition cause : null
2024-07-07 17:19:49,782 [WARN] ConditionMgr:1039 - genDependencies : Invalid condition id : LAN8742 Phy interface Condition cause : null
2024-07-07 17:19:49,782 [WARN] ConditionMgr:1039 - genDependencies : Invalid condition id : LAN8742 Phy interface Condition cause : null
2024-07-07 17:19:49,786 [WARN] PackLoader:240 - Cannot read IP mode file for STMicroelectronics.X-CUBE-SFXS2LP1.4.0.0
2024-07-07 17:19:49,792 [WARN] ConditionMgr:438 - getConditionDescription Invalid condition id : UX DEVICE CLASS RTOS Condition cause : null
2024-07-07 17:19:49,792 [WARN] ConditionMgr:438 - getConditionDescription Invalid condition id : UX DEVICE CLASS RTOS Condition cause : null
2024-07-07 17:19:49,793 [WARN] PackLoader:240 - Cannot read IP mode file for STMicroelectronics.X-CUBE-AZRTOS-WB.2.0.0
2024-07-07 17:19:49,794 [WARN] ConditionMgr:1039 - genDependencies : Invalid condition id : UX DEVICE CLASS RTOS Condition cause : null
2024-07-07 17:19:49,794 [WARN] ConditionMgr:1039 - genDependencies : Invalid condition id : UX DEVICE CLASS RTOS Condition cause : null
2024-07-07 17:19:49,794 [WARN] ConditionMgr:1039 - genDependencies : Invalid condition id : UX DEVICE CLASS RTOS Condition cause : null
2024-07-07 17:19:49,794 [WARN] ConditionMgr:1039 - genDependencies : Invalid condition id : UX DEVICE CLASS RTOS Condition cause : null
2024-07-07 17:19:49,794 [WARN] ConditionMgr:1039 - genDependencies : Invalid condition id : UX DEVICE CLASS RTOS Condition cause : null
2024-07-07 17:19:49,797 [INFO] WebApp:192 - Starting web application
2024-07-07 17:19:49,797 [INFO] WebApp:544 - Web application path used C:\ST\STM32CubeIDE_1.15.0\STM32CubeIDE\plugins\com.st.stm32cube.common.mx_6.11.0.202403141607\db\plugins\mcufinder\reactClient1\index.html
2024-07-07 17:19:49,799 [WARN] PackLoader:240 - Cannot read IP mode file for STMicroelectronics.X-CUBE-SUBG2.5.0.0
2024-07-07 17:19:49,804 [WARN] PackLoader:240 - Cannot read IP mode file for Cesanta.I-CUBE-Mongoose.7.13.0
2024-07-07 17:19:49,810 [WARN] PackLoader:240 - Cannot read IP mode file for STMicroelectronics.X-CUBE-AZRTOS-G4.2.0.0
2024-07-07 17:19:49,813 [WARN] PackLoader:240 - Cannot read IP mode file for STMicroelectronics.X-CUBE-ISPU.2.0.0
2024-07-07 17:19:49,815 [WARN] PackLoader:240 - Cannot read IP mode file for STMicroelectronics.X-CUBE-ALS.1.0.2
2024-07-07 17:19:49,834 [WARN] PackLoader:240 - Cannot read IP mode file for STMicroelectronics.X-CUBE-MEMS1.10.0.0
2024-07-07 17:19:49,901 [WARN] PackLoader:240 - Cannot read IP mode file for STMicroelectronics.X-CUBE-FREERTOS.1.1.0
2024-07-07 17:19:49,903 [WARN] PackLoader:240 - Cannot read IP mode file for STMicroelectronics.X-CUBE-TOUCHGFX.4.24.0
2024-07-07 17:19:49,906 [WARN] PackLoader:240 - Cannot read IP mode file for portGmbH.I-Cube-SoM-uGOAL.1.1.0
2024-07-07 17:19:49,908 [WARN] PackLoader:240 - Cannot read IP mode file for STMicroelectronics.X-CUBE-ALS.1.0.1
2024-07-07 17:19:49,919 [WARN] PackLoader:240 - Cannot read IP mode file for STMicroelectronics.X-CUBE-AZRTOS-H7RS.1.0.0
2024-07-07 17:19:49,922 [WARN] PackLoader:240 - Cannot read IP mode file for STMicroelectronics.FP-ATR-ASTRA1.2.0.0
2024-07-07 17:19:49,927 [WARN] PackLoader:240 - Cannot read IP mode file for STMicroelectronics.X-CUBE-TOF1.3.4.1
2024-07-07 17:19:49,944 [WARN] PackLoader:240 - Cannot read IP mode file for STMicroelectronics.X-CUBE-AZRTOS-H7.3.2.0
2024-07-07 17:19:49,951 [WARN] PackLoader:240 - Cannot read IP mode file for Infineon.AIROC-Wi-Fi-Bluetooth-STM32.1.6.0
2024-07-07 17:19:49,953 [INFO] ThirdParty:978 - Integrity check success = true
2024-07-07 17:19:49,953 [INFO] IntegrityCheckThread:100 - exiting critical section [integrity check]
2024-07-07 17:19:49,953 [INFO] IntegrityCheckThread:103 - End integrity checks thread
2024-07-07 20:39:57,166 [ERROR] LogOutputStream:75 - [STDERR_REDIRECT] 
2024-07-07 20:39:57,167 [ERROR] LogOutputStream:75 - [STDERR_REDIRECT] 
